Log file open, 11/13/24 11:03:32
LogWindows: Failed to load 'aqProf.dll' (GetLastError=126)
LogWindows: File 'aqProf.dll' does not exist
LogWindows: Failed to load 'VtuneApi.dll' (GetLastError=126)
LogWindows: File 'VtuneApi.dll' does not exist
LogWindows: Failed to load 'VtuneApi32e.dll' (GetLastError=126)
LogWindows: File 'VtuneApi32e.dll' does not exist
LogConsoleResponse: Display: Failed to find resolution value strings in scalability ini. Falling back to default.
LogInit: Display: Running engine for game: CrossTheRoad
LogPakFile: Registered encryption key '00000000000000000000000000000000': 0 pak files mounted, 0 remain pending
LogPlatformFile: Not using cached read wrapper
LogTaskGraph: Started task graph with 5 named threads and 59 total threads with 3 sets of task threads.
LogStats: Stats thread started at 0.928052
LogD3D11RHI: Loaded GFSDK_Aftermath_Lib.x64.dll
LogICUInternationalization: ICU TimeZone Detection - Raw Offset: +1:00, Platform Override: ''
LogPluginManager: Mounting plugin Paper2D
LogPluginManager: Mounting plugin AISupport
LogPluginManager: Mounting plugin LightPropagationVolume
LogPluginManager: Mounting plugin ActorLayerUtilities
LogPluginManager: Mounting plugin AnimationSharing
LogPluginManager: Mounting plugin CLionSourceCodeAccess
LogPluginManager: Mounting plugin CodeLiteSourceCodeAccess
LogPluginManager: Mounting plugin GitSourceControl
LogPluginManager: Mounting plugin KDevelopSourceCodeAccess
LogPluginManager: Mounting plugin NullSourceCodeAccess
LogPluginManager: Mounting plugin PerforceSourceControl
LogPluginManager: Mounting plugin SubversionSourceControl
LogPluginManager: Mounting plugin UObjectPlugin
LogPluginManager: Mounting plugin VisualStudioCodeSourceCodeAccess
LogPluginManager: Mounting plugin VisualStudioSourceCodeAccess
LogPluginManager: Mounting plugin XCodeSourceCodeAccess
LogPluginManager: Mounting plugin AssetManagerEditor
LogPluginManager: Mounting plugin CryptoKeys
LogPluginManager: Mounting plugin DataValidation
LogPluginManager: Mounting plugin FacialAnimation
LogPluginManager: Mounting plugin GameplayTagsEditor
LogPluginManager: Mounting plugin MacGraphicsSwitching
LogPluginManager: Mounting plugin MaterialAnalyzer
LogPluginManager: Mounting plugin MobileLauncherProfileWizard
LogPluginManager: Mounting plugin PluginBrowser
LogPluginManager: Mounting plugin SpeedTreeImporter
LogPluginManager: Mounting plugin DatasmithContent
LogPluginManager: Mounting plugin VariantManagerContent
LogPluginManager: Mounting plugin AlembicImporter
LogPluginManager: Mounting plugin AppleImageUtils
LogPluginManager: Mounting plugin AppleVision
LogPluginManager: Mounting plugin BackChannel
LogPluginManager: Mounting plugin CharacterAI
LogPluginManager: Mounting plugin GeometryCache
LogPluginManager: Mounting plugin HTML5Networking
LogPluginManager: Mounting plugin ProxyLODPlugin
LogPluginManager: Mounting plugin SkeletalReduction
LogPluginManager: Mounting plugin MagicLeap
LogPluginManager: Mounting plugin MagicLeapMedia
LogPluginManager: Mounting plugin AndroidMedia
LogPluginManager: Mounting plugin AvfMedia
LogPluginManager: Mounting plugin ImgMedia
LogPluginManager: Mounting plugin LinearTimecode
LogPluginManager: Mounting plugin MediaCompositing
LogPluginManager: Mounting plugin MediaPlayerEditor
LogPluginManager: Mounting plugin WebMMedia
LogPluginManager: Mounting plugin WmfMedia
LogPluginManager: Mounting plugin TcpMessaging
LogPluginManager: Mounting plugin UdpMessaging
LogPluginManager: Mounting plugin ActorSequence
LogPluginManager: Mounting plugin LevelSequenceEditor
LogPluginManager: Mounting plugin MatineeToLevelSequence
LogPluginManager: Mounting plugin NetcodeUnitTest
LogPluginManager: Mounting plugin NUTUnrealEngine4
LogPluginManager: Mounting plugin OnlineSubsystemGooglePlay
LogPluginManager: Mounting plugin OnlineSubsystemIOS
LogPluginManager: Mounting plugin OnlineSubsystem
LogPluginManager: Mounting plugin OnlineSubsystemNull
LogPluginManager: Mounting plugin OnlineSubsystemUtils
LogPluginManager: Mounting plugin LauncherChunkInstaller
LogPluginManager: Mounting plugin AndroidDeviceProfileSelector
LogPluginManager: Mounting plugin AndroidMoviePlayer
LogPluginManager: Mounting plugin AndroidPermission
LogPluginManager: Mounting plugin AppleMoviePlayer
LogPluginManager: Mounting plugin ArchVisCharacter
LogPluginManager: Mounting plugin AudioCapture
LogPluginManager: Mounting plugin CableComponent
LogPluginManager: Mounting plugin CustomMeshComponent
LogPluginManager: Mounting plugin EditableMesh
LogPluginManager: Mounting plugin ExampleDeviceProfileSelector
LogPluginManager: Mounting plugin Firebase
LogPluginManager: Mounting plugin GoogleCloudMessaging
LogPluginManager: Mounting plugin IOSDeviceProfileSelector
LogPluginManager: Mounting plugin LinuxDeviceProfileSelector
LogPluginManager: Mounting plugin LocationServicesBPLibrary
LogPluginManager: Mounting plugin MobilePatchingUtils
LogPluginManager: Mounting plugin OculusVR
LogPluginManager: Mounting plugin PhysXVehicles
LogPluginManager: Mounting plugin ProceduralMeshComponent
LogPluginManager: Mounting plugin RuntimePhysXCooking
LogPluginManager: Mounting plugin SignificanceManager
LogPluginManager: Mounting plugin SteamVR
LogPluginManager: Mounting plugin WebMMoviePlayer
LogPluginManager: Mounting plugin WindowsMoviePlayer
LogInit: Using libcurl 7.55.1-DEV
LogInit:  - built for x86_64-pc-win32
LogInit:  - supports SSL with OpenSSL/1.1.1
LogInit:  - supports HTTP deflate (compression) using libz 1.2.8
LogInit:  - other features:
LogInit:      CURL_VERSION_SSL
LogInit:      CURL_VERSION_LIBZ
LogInit:      CURL_VERSION_IPV6
LogInit:      CURL_VERSION_ASYNCHDNS
LogInit:      CURL_VERSION_LARGEFILE
LogInit:      CURL_VERSION_IDN
LogInit:  CurlRequestOptions (configurable via config and command line):
LogInit:  - bVerifyPeer = true  - Libcurl will verify peer certificate
LogInit:  - bUseHttpProxy = false  - Libcurl will NOT use HTTP proxy
LogInit:  - bDontReuseConnections = false  - Libcurl will reuse connections
LogInit:  - MaxHostConnections = 16  - Libcurl will limit the number of connections to a host
LogInit:  - LocalHostAddr = Default
LogInit:  - BufferSize = 65536
LogInit: WinSock: version 1.1 (2.2), MaxSocks=32767, MaxUdp=65467
LogInit: Build: ++UE4+Release-4.22-CL-7053642
LogInit: Engine Version: 4.22.3-7053642+++UE4+Release-4.22
LogInit: Compatible Engine Version: 4.22.0-5660361+++UE4+Release-4.22
LogInit: Net CL: 5660361
LogInit: OS: Windows 10 (Release 2009) (), CPU: 12th Gen Intel(R) Core(TM) i9-12900H, GPU: Intel(R) Iris(R) Xe Graphics
LogInit: Compiled (64-bit): Jun 18 2019 03:09:11
LogInit: Compiled with Visual C++: 19.16.27025.01
LogInit: Build Configuration: Development
LogInit: Branch Name: ++UE4+Release-4.22
LogInit: Command Line: 
LogInit: Base Directory: C:/Program Files/Epic Games/UE_4.22/Engine/Binaries/Win64/
LogInit: Installed Engine Build: 1
LogDevObjectVersion: Number of dev versions registered: 23
LogDevObjectVersion:   Dev-Blueprints (B0D832E4-1F89-4F0D-ACCF-7EB736FD4AA2): 10
LogDevObjectVersion:   Dev-Build (E1C64328-A22C-4D53-A36C-8E866417BD8C): 0
LogDevObjectVersion:   Dev-Core (375EC13C-06E4-48FB-B500-84F0262A717E): 3
LogDevObjectVersion:   Dev-Editor (E4B068ED-F494-42E9-A231-DA0B2E46BB41): 30
LogDevObjectVersion:   Dev-Framework (CFFC743F-43B0-4480-9391-14DF171D2073): 35
LogDevObjectVersion:   Dev-Mobile (B02B49B5-BB20-44E9-A304-32B752E40360): 2
LogDevObjectVersion:   Dev-Networking (A4E4105C-59A1-49B5-A7C5-40C4547EDFEE): 0
LogDevObjectVersion:   Dev-Online (39C831C9-5AE6-47DC-9A44-9C173E1C8E7C): 0
LogDevObjectVersion:   Dev-Physics (78F01B33-EBEA-4F98-B9B4-84EACCB95AA2): 0
LogDevObjectVersion:   Dev-Platform (6631380F-2D4D-43E0-8009-CF276956A95A): 0
LogDevObjectVersion:   Dev-Rendering (12F88B9F-8875-4AFC-A67C-D90C383ABD29): 28
LogDevObjectVersion:   Dev-Sequencer (7B5AE74C-D270-4C10-A958-57980B212A5A): 11
LogDevObjectVersion:   Dev-VR (D7296918-1DD6-4BDD-9DE2-64A83CC13884): 2
LogDevObjectVersion:   Dev-LoadTimes (C2A15278-BFE7-4AFE-6C17-90FF531DF755): 1
LogDevObjectVersion:   Private-Geometry (6EACA3D4-40EC-4CC1-B786-8BED09428FC5): 3
LogDevObjectVersion:   Dev-AnimPhys (29E575DD-E0A3-4627-9D10-D276232CDCEA): 17
LogDevObjectVersion:   Dev-Anim (AF43A65D-7FD3-4947-9873-3E8ED9C1BB05): 2
LogDevObjectVersion:   Dev-ReflectionCapture (6B266CEC-1EC7-4B8F-A30B-E4D90942FC07): 1
LogDevObjectVersion:   Dev-Automation (0DF73D61-A23F-47EA-B727-89E90C41499A): 1
LogDevObjectVersion:   FortniteMain (601D1886-AC64-4F84-AA16-D3DE0DEAC7D6): 25
LogDevObjectVersion:   Dev-Enterprise (9DFFBCD6-494F-0158-E221-12823C92A888): 6
LogDevObjectVersion:   Dev-Niagara (F2AED0AC-9AFE-416F-8664-AA7FFA26D6FC): 1
LogDevObjectVersion:   Dev-Destruction (174F1F0B-B4C6-45A5-B13F-2EE8D0FB917D): 2
LogInit: Presizing for max 16777216 objects, including 0 objects not considered by GC, pre-allocating 0 bytes for permanent pool.
LogInit: Object subsystem initialized
LogConfig: Setting CVar [[con.DebugEarlyDefault:1]]
LogConfig: Setting CVar [[r.setres:1280x720]]
[2024.11.13-10.03.33:247][  0]LogConfig: Setting CVar [[r.VSync:0]]
[2024.11.13-10.03.33:247][  0]LogConfig: Setting CVar [[r.RHICmdBypass:0]]
[2024.11.13-10.03.33:247][  0]LogConfig: Applying CVar settings from Section [/Script/Engine.RendererSettings] File [C:/Users/pietd/Documents/GitHub/The-Tech-Academy-C-and-Unreal-Engine-Projects/Unreal Engine/CrossTheRoad/Saved/Config/Windows/Engine.ini]
[2024.11.13-10.03.33:247][  0]LogConfig: Setting CVar [[r.GPUCrashDebugging:0]]
[2024.11.13-10.03.33:247][  0]LogConfig: Setting CVar [[r.DefaultFeature.AutoExposure.ExtendDefaultLuminanceRange:1]]
[2024.11.13-10.03.33:247][  0]LogConfig: Applying CVar settings from Section [/Script/Engine.RendererOverrideSettings] File [C:/Users/pietd/Documents/GitHub/The-Tech-Academy-C-and-Unreal-Engine-Projects/Unreal Engine/CrossTheRoad/Saved/Config/Windows/Engine.ini]
[2024.11.13-10.03.33:247][  0]LogConfig: Applying CVar settings from Section [/Script/Engine.StreamingSettings] File [C:/Users/pietd/Documents/GitHub/The-Tech-Academy-C-and-Unreal-Engine-Projects/Unreal Engine/CrossTheRoad/Saved/Config/Windows/Engine.ini]
[2024.11.13-10.03.33:247][  0]LogConfig: Setting CVar [[s.MinBulkDataSizeForAsyncLoading:131072]]
[2024.11.13-10.03.33:247][  0]LogConfig: Setting CVar [[s.AsyncLoadingThreadEnabled:0]]
[2024.11.13-10.03.33:247][  0]LogConfig: Setting CVar [[s.EventDrivenLoaderEnabled:1]]
[2024.11.13-10.03.33:247][  0]LogConfig: Setting CVar [[s.WarnIfTimeLimitExceeded:0]]
[2024.11.13-10.03.33:247][  0]LogConfig: Setting CVar [[s.TimeLimitExceededMultiplier:1.5]]
[2024.11.13-10.03.33:247][  0]LogConfig: Setting CVar [[s.TimeLimitExceededMinTime:0.005]]
[2024.11.13-10.03.33:247][  0]LogConfig: Setting CVar [[s.UseBackgroundLevelStreaming:1]]
[2024.11.13-10.03.33:247][  0]LogConfig: Setting CVar [[s.PriorityAsyncLoadingExtraTime:15.0]]
[2024.11.13-10.03.33:247][  0]LogConfig: Setting CVar [[s.LevelStreamingActorsUpdateTimeLimit:5.0]]
[2024.11.13-10.03.33:247][  0]LogConfig: Setting CVar [[s.PriorityLevelStreamingActorsUpdateExtraTime:5.0]]
[2024.11.13-10.03.33:247][  0]LogConfig: Setting CVar [[s.LevelStreamingComponentsRegistrationGranularity:10]]
[2024.11.13-10.03.33:247][  0]LogConfig: Setting CVar [[s.UnregisterComponentsTimeLimit:1.0]]
[2024.11.13-10.03.33:247][  0]LogConfig: Setting CVar [[s.LevelStreamingComponentsUnregistrationGranularity:5]]
[2024.11.13-10.03.33:247][  0]LogConfig: Applying CVar settings from Section [/Script/Engine.GarbageCollectionSettings] File [C:/Users/pietd/Documents/GitHub/The-Tech-Academy-C-and-Unreal-Engine-Projects/Unreal Engine/CrossTheRoad/Saved/Config/Windows/Engine.ini]
[2024.11.13-10.03.33:248][  0]LogConfig: Setting CVar [[gc.MaxObjectsNotConsideredByGC:1]]
[2024.11.13-10.03.33:248][  0]LogConfig: Setting CVar [[gc.SizeOfPermanentObjectPool:0]]
[2024.11.13-10.03.33:248][  0]LogConfig: Setting CVar [[gc.FlushStreamingOnGC:0]]
[2024.11.13-10.03.33:248][  0]LogConfig: Setting CVar [[gc.NumRetriesBeforeForcingGC:10]]
[2024.11.13-10.03.33:248][  0]LogConfig: Setting CVar [[gc.AllowParallelGC:1]]
[2024.11.13-10.03.33:248][  0]LogConfig: Setting CVar [[gc.TimeBetweenPurgingPendingKillObjects:61.1]]
[2024.11.13-10.03.33:248][  0]LogConfig: Setting CVar [[gc.MaxObjectsInEditor:16777216]]
[2024.11.13-10.03.33:248][  0]LogConfig: Setting CVar [[gc.IncrementalBeginDestroyEnabled:1]]
[2024.11.13-10.03.33:248][  0]LogConfig: Setting CVar [[gc.CreateGCClusters:1]]
[2024.11.13-10.03.33:248][  0]LogConfig: Setting CVar [[gc.MinGCClusterSize:5]]
[2024.11.13-10.03.33:248][  0]LogConfig: Setting CVar [[gc.ActorClusteringEnabled:0]]
[2024.11.13-10.03.33:248][  0]LogConfig: Setting CVar [[gc.BlueprintClusteringEnabled:0]]
[2024.11.13-10.03.33:248][  0]LogConfig: Setting CVar [[gc.UseDisregardForGCOnDedicatedServers:0]]
[2024.11.13-10.03.33:248][  0]LogConfig: Applying CVar settings from Section [/Script/Engine.NetworkSettings] File [C:/Users/pietd/Documents/GitHub/The-Tech-Academy-C-and-Unreal-Engine-Projects/Unreal Engine/CrossTheRoad/Saved/Config/Windows/Engine.ini]
[2024.11.13-10.03.33:248][  0]LogConfig: Applying CVar settings from Section [/Script/UnrealEd.CookerSettings] File [C:/Users/pietd/Documents/GitHub/The-Tech-Academy-C-and-Unreal-Engine-Projects/Unreal Engine/CrossTheRoad/Saved/Config/Windows/Engine.ini]
[2024.11.13-10.03.33:252][  0]LogConfig: Applying CVar settings from Section [ViewDistanceQuality@3] File [C:/Users/pietd/Documents/GitHub/The-Tech-Academy-C-and-Unreal-Engine-Projects/Unreal Engine/CrossTheRoad/Saved/Config/Windows/Scalability.ini]
[2024.11.13-10.03.33:252][  0]LogConfig: Setting CVar [[r.SkeletalMeshLODBias:0]]
[2024.11.13-10.03.33:252][  0]LogConfig: Setting CVar [[r.ViewDistanceScale:1.0]]
[2024.11.13-10.03.33:252][  0]LogConfig: Applying CVar settings from Section [AntiAliasingQuality@3] File [C:/Users/pietd/Documents/GitHub/The-Tech-Academy-C-and-Unreal-Engine-Projects/Unreal Engine/CrossTheRoad/Saved/Config/Windows/Scalability.ini]
[2024.11.13-10.03.33:252][  0]LogConfig: Setting CVar [[r.PostProcessAAQuality:4]]
[2024.11.13-10.03.33:252][  0]LogConfig: Applying CVar settings from Section [ShadowQuality@3] File [C:/Users/pietd/Documents/GitHub/The-Tech-Academy-C-and-Unreal-Engine-Projects/Unreal Engine/CrossTheRoad/Saved/Config/Windows/Scalability.ini]
[2024.11.13-10.03.33:252][  0]LogConfig: Setting CVar [[r.LightFunctionQuality:1]]
[2024.11.13-10.03.33:252][  0]LogConfig: Setting CVar [[r.ShadowQuality:5]]
[2024.11.13-10.03.33:252][  0]LogConfig: Setting CVar [[r.Shadow.CSM.MaxCascades:10]]
[2024.11.13-10.03.33:252][  0]LogConfig: Setting CVar [[r.Shadow.MaxResolution:2048]]
[2024.11.13-10.03.33:252][  0]LogConfig: Setting CVar [[r.Shadow.MaxCSMResolution:2048]]
[2024.11.13-10.03.33:252][  0]LogConfig: Setting CVar [[r.Shadow.RadiusThreshold:0.01]]
[2024.11.13-10.03.33:252][  0]LogConfig: Setting CVar [[r.Shadow.DistanceScale:1.0]]
[2024.11.13-10.03.33:252][  0]LogConfig: Setting CVar [[r.Shadow.CSM.TransitionScale:1.0]]
[2024.11.13-10.03.33:252][  0]LogConfig: Setting CVar [[r.Shadow.PreShadowResolutionFactor:1.0]]
[2024.11.13-10.03.33:252][  0]LogConfig: Setting CVar [[r.DistanceFieldShadowing:1]]
[2024.11.13-10.03.33:252][  0]LogConfig: Setting CVar [[r.DistanceFieldAO:1]]
[2024.11.13-10.03.33:252][  0]LogConfig: Setting CVar [[r.AOQuality:2]]
[2024.11.13-10.03.33:252][  0]LogConfig: Setting CVar [[r.VolumetricFog:1]]
[2024.11.13-10.03.33:252][  0]LogConfig: Setting CVar [[r.VolumetricFog.GridPixelSize:8]]
[2024.11.13-10.03.33:252][  0]LogConfig: Setting CVar [[r.VolumetricFog.GridSizeZ:128]]
[2024.11.13-10.03.33:252][  0]LogConfig: Setting CVar [[r.VolumetricFog.HistoryMissSupersampleCount:4]]
[2024.11.13-10.03.33:252][  0]LogConfig: Setting CVar [[r.LightMaxDrawDistanceScale:1]]
[2024.11.13-10.03.33:252][  0]LogConfig: Setting CVar [[r.CapsuleShadows:1]]
[2024.11.13-10.03.33:252][  0]LogConfig: Applying CVar settings from Section [PostProcessQuality@3] File [C:/Users/pietd/Documents/GitHub/The-Tech-Academy-C-and-Unreal-Engine-Projects/Unreal Engine/CrossTheRoad/Saved/Config/Windows/Scalability.ini]
[2024.11.13-10.03.33:252][  0]LogConfig: Setting CVar [[r.MotionBlurQuality:4]]
[2024.11.13-10.03.33:252][  0]LogConfig: Setting CVar [[r.AmbientOcclusionMipLevelFactor:0.4]]
[2024.11.13-10.03.33:252][  0]LogConfig: Setting CVar [[r.AmbientOcclusionMaxQuality:100]]
[2024.11.13-10.03.33:252][  0]LogConfig: Setting CVar [[r.AmbientOcclusionLevels:-1]]
[2024.11.13-10.03.33:252][  0]LogConfig: Setting CVar [[r.AmbientOcclusionRadiusScale:1.0]]
[2024.11.13-10.03.33:252][  0]LogConfig: Setting CVar [[r.DepthOfFieldQuality:2]]
[2024.11.13-10.03.33:252][  0]LogConfig: Setting CVar [[r.RenderTargetPoolMin:400]]
[2024.11.13-10.03.33:252][  0]LogConfig: Setting CVar [[r.LensFlareQuality:2]]
[2024.11.13-10.03.33:252][  0]LogConfig: Setting CVar [[r.SceneColorFringeQuality:1]]
[2024.11.13-10.03.33:252][  0]LogConfig: Setting CVar [[r.EyeAdaptationQuality:2]]
[2024.11.13-10.03.33:252][  0]LogConfig: Setting CVar [[r.BloomQuality:5]]
[2024.11.13-10.03.33:252][  0]LogConfig: Setting CVar [[r.FastBlurThreshold:100]]
[2024.11.13-10.03.33:252][  0]LogConfig: Setting CVar [[r.Upscale.Quality:3]]
[2024.11.13-10.03.33:252][  0]LogConfig: Setting CVar [[r.Tonemapper.GrainQuantization:1]]
[2024.11.13-10.03.33:252][  0]LogConfig: Setting CVar [[r.LightShaftQuality:1]]
[2024.11.13-10.03.33:252][  0]LogConfig: Setting CVar [[r.Filter.SizeScale:1]]
[2024.11.13-10.03.33:252][  0]LogConfig: Setting CVar [[r.Tonemapper.Quality:5]]
[2024.11.13-10.03.33:252][  0]LogConfig: Setting CVar [[r.DOF.Gather.AccumulatorQuality:1        ; higher gathering accumulator quality]]
[2024.11.13-10.03.33:252][  0]LogConfig: Setting CVar [[r.DOF.Gather.PostfilterMethod:1          ; Median3x3 postfilering method]]
[2024.11.13-10.03.33:252][  0]LogConfig: Setting CVar [[r.DOF.Gather.EnableBokehSettings:0       ; no bokeh simulation when gathering]]
[2024.11.13-10.03.33:252][  0]LogConfig: Setting CVar [[r.DOF.Gather.RingCount:4                 ; medium number of samples when gathering]]
[2024.11.13-10.03.33:252][  0]LogConfig: Setting CVar [[r.DOF.Scatter.ForegroundCompositing:1    ; additive foreground scattering]]
[2024.11.13-10.03.33:252][  0]LogConfig: Setting CVar [[r.DOF.Scatter.BackgroundCompositing:2    ; additive background scattering]]
[2024.11.13-10.03.33:252][  0]LogConfig: Setting CVar [[r.DOF.Scatter.EnableBokehSettings:1      ; bokeh simulation when scattering]]
[2024.11.13-10.03.33:252][  0]LogConfig: Setting CVar [[r.DOF.Scatter.MaxSpriteRatio:0.1         ; only a maximum of 10% of scattered bokeh]]
[2024.11.13-10.03.33:252][  0]LogConfig: Setting CVar [[r.DOF.Recombine.Quality:1                ; cheap slight out of focus]]
[2024.11.13-10.03.33:252][  0]LogConfig: Setting CVar [[r.DOF.Recombine.EnableBokehSettings:0    ; no bokeh simulation on slight out of focus]]
[2024.11.13-10.03.33:252][  0]LogConfig: Setting CVar [[r.DOF.TemporalAAQuality:1                ; more stable temporal accumulation]]
[2024.11.13-10.03.33:252][  0]LogConfig: Setting CVar [[r.DOF.Kernel.MaxForegroundRadius:0.025]]
[2024.11.13-10.03.33:252][  0]LogConfig: Setting CVar [[r.DOF.Kernel.MaxBackgroundRadius:0.025]]
[2024.11.13-10.03.33:252][  0]LogConfig: Applying CVar settings from Section [TextureQuality@3] File [C:/Users/pietd/Documents/GitHub/The-Tech-Academy-C-and-Unreal-Engine-Projects/Unreal Engine/CrossTheRoad/Saved/Config/Windows/Scalability.ini]
[2024.11.13-10.03.33:252][  0]LogConfig: Setting CVar [[r.Streaming.MipBias:0]]
[2024.11.13-10.03.33:252][  0]LogConfig: Setting CVar [[r.Streaming.AmortizeCPUToGPUCopy:0]]
[2024.11.13-10.03.33:252][  0]LogConfig: Setting CVar [[r.Streaming.MaxNumTexturesToStreamPerFrame:0]]
[2024.11.13-10.03.33:252][  0]LogConfig: Setting CVar [[r.Streaming.Boost:1]]
[2024.11.13-10.03.33:252][  0]LogConfig: Setting CVar [[r.MaxAnisotropy:8]]
[2024.11.13-10.03.33:252][  0]LogConfig: Setting CVar [[r.Streaming.LimitPoolSizeToVRAM:0]]
[2024.11.13-10.03.33:252][  0]LogConfig: Setting CVar [[r.Streaming.PoolSize:1000]]
[2024.11.13-10.03.33:252][  0]LogConfig: Setting CVar [[r.Streaming.MaxEffectiveScreenSize:0]]
[2024.11.13-10.03.33:252][  0]LogConfig: Applying CVar settings from Section [EffectsQuality@3] File [C:/Users/pietd/Documents/GitHub/The-Tech-Academy-C-and-Unreal-Engine-Projects/Unreal Engine/CrossTheRoad/Saved/Config/Windows/Scalability.ini]
[2024.11.13-10.03.33:253][  0]LogConfig: Setting CVar [[r.TranslucencyLightingVolumeDim:64]]
[2024.11.13-10.03.33:253][  0]LogConfig: Setting CVar [[r.RefractionQuality:2]]
[2024.11.13-10.03.33:253][  0]LogConfig: Setting CVar [[r.SSR.Quality:3]]
[2024.11.13-10.03.33:253][  0]LogConfig: Setting CVar [[r.SceneColorFormat:4]]
[2024.11.13-10.03.33:253][  0]LogConfig: Setting CVar [[r.DetailMode:2]]
[2024.11.13-10.03.33:253][  0]LogConfig: Setting CVar [[r.TranslucencyVolumeBlur:1]]
[2024.11.13-10.03.33:253][  0]LogConfig: Setting CVar [[r.MaterialQualityLevel:1 ; High quality]]
[2024.11.13-10.03.33:253][  0]LogConfig: Setting CVar [[r.SSS.Scale:1]]
[2024.11.13-10.03.33:253][  0]LogConfig: Setting CVar [[r.SSS.SampleSet:2]]
[2024.11.13-10.03.33:253][  0]LogConfig: Setting CVar [[r.SSS.Quality:1]]
[2024.11.13-10.03.33:253][  0]LogConfig: Setting CVar [[r.SSS.HalfRes:1]]
[2024.11.13-10.03.33:253][  0]LogConfig: Setting CVar [[r.EmitterSpawnRateScale:1.0]]
[2024.11.13-10.03.33:253][  0]LogConfig: Setting CVar [[r.ParticleLightQuality:2]]
[2024.11.13-10.03.33:253][  0]LogConfig: Applying CVar settings from Section [FoliageQuality@3] File [C:/Users/pietd/Documents/GitHub/The-Tech-Academy-C-and-Unreal-Engine-Projects/Unreal Engine/CrossTheRoad/Saved/Config/Windows/Scalability.ini]
[2024.11.13-10.03.33:253][  0]LogConfig: Setting CVar [[foliage.DensityScale:1.0]]
[2024.11.13-10.03.33:253][  0]LogConfig: Setting CVar [[grass.DensityScale:1.0]]
[2024.11.13-10.03.33:253][  0]LogInit: Selected Device Profile: [Windows]
[2024.11.13-10.03.33:253][  0]LogInit: Applying CVar settings loaded from the selected device profile: [Windows]
[2024.11.13-10.03.33:282][  0]LogHAL: Display: Platform has ~ 16 GB [16851132416 / 17179869184 / 16], which maps to Larger [LargestMinGB=32, LargerMinGB=12, DefaultMinGB=8, SmallerMinGB=6, SmallestMinGB=0)
[2024.11.13-10.03.33:283][  0]LogConfig: Setting CVar [[r.Vulkan.UseRealUBs:0		; Required until we fix HLR fall-out]]
[2024.11.13-10.03.33:283][  0]LogInit: Going up to parent DeviceProfile []
[2024.11.13-10.03.33:283][  0]LogConfig: Applying CVar settings from Section [ViewDistanceQuality@3] File [C:/Users/pietd/Documents/GitHub/The-Tech-Academy-C-and-Unreal-Engine-Projects/Unreal Engine/CrossTheRoad/Saved/Config/Windows/Scalability.ini]
[2024.11.13-10.03.33:283][  0]LogConfig: Setting CVar [[r.SkeletalMeshLODBias:0]]
[2024.11.13-10.03.33:283][  0]LogConfig: Setting CVar [[r.ViewDistanceScale:1.0]]
[2024.11.13-10.03.33:283][  0]LogConfig: Applying CVar settings from Section [AntiAliasingQuality@3] File [C:/Users/pietd/Documents/GitHub/The-Tech-Academy-C-and-Unreal-Engine-Projects/Unreal Engine/CrossTheRoad/Saved/Config/Windows/Scalability.ini]
[2024.11.13-10.03.33:283][  0]LogConfig: Setting CVar [[r.PostProcessAAQuality:4]]
[2024.11.13-10.03.33:283][  0]LogConfig: Applying CVar settings from Section [ShadowQuality@3] File [C:/Users/pietd/Documents/GitHub/The-Tech-Academy-C-and-Unreal-Engine-Projects/Unreal Engine/CrossTheRoad/Saved/Config/Windows/Scalability.ini]
[2024.11.13-10.03.33:283][  0]LogConfig: Setting CVar [[r.LightFunctionQuality:1]]
[2024.11.13-10.03.33:283][  0]LogConfig: Setting CVar [[r.ShadowQuality:5]]
[2024.11.13-10.03.33:283][  0]LogConfig: Setting CVar [[r.Shadow.CSM.MaxCascades:10]]
[2024.11.13-10.03.33:283][  0]LogConfig: Setting CVar [[r.Shadow.MaxResolution:2048]]
[2024.11.13-10.03.33:283][  0]LogConfig: Setting CVar [[r.Shadow.MaxCSMResolution:2048]]
[2024.11.13-10.03.33:283][  0]LogConfig: Setting CVar [[r.Shadow.RadiusThreshold:0.01]]
[2024.11.13-10.03.33:283][  0]LogConfig: Setting CVar [[r.Shadow.DistanceScale:1.0]]
[2024.11.13-10.03.33:283][  0]LogConfig: Setting CVar [[r.Shadow.CSM.TransitionScale:1.0]]
[2024.11.13-10.03.33:283][  0]LogConfig: Setting CVar [[r.Shadow.PreShadowResolutionFactor:1.0]]
[2024.11.13-10.03.33:283][  0]LogConfig: Setting CVar [[r.DistanceFieldShadowing:1]]
[2024.11.13-10.03.33:283][  0]LogConfig: Setting CVar [[r.DistanceFieldAO:1]]
[2024.11.13-10.03.33:283][  0]LogConfig: Setting CVar [[r.AOQuality:2]]
[2024.11.13-10.03.33:283][  0]LogConfig: Setting CVar [[r.VolumetricFog:1]]
[2024.11.13-10.03.33:283][  0]LogConfig: Setting CVar [[r.VolumetricFog.GridPixelSize:8]]
[2024.11.13-10.03.33:283][  0]LogConfig: Setting CVar [[r.VolumetricFog.GridSizeZ:128]]
[2024.11.13-10.03.33:283][  0]LogConfig: Setting CVar [[r.VolumetricFog.HistoryMissSupersampleCount:4]]
[2024.11.13-10.03.33:283][  0]LogConfig: Setting CVar [[r.LightMaxDrawDistanceScale:1]]
[2024.11.13-10.03.33:283][  0]LogConfig: Setting CVar [[r.CapsuleShadows:1]]
[2024.11.13-10.03.33:283][  0]LogConfig: Applying CVar settings from Section [PostProcessQuality@3] File [C:/Users/pietd/Documents/GitHub/The-Tech-Academy-C-and-Unreal-Engine-Projects/Unreal Engine/CrossTheRoad/Saved/Config/Windows/Scalability.ini]
[2024.11.13-10.03.33:283][  0]LogConfig: Setting CVar [[r.MotionBlurQuality:4]]
[2024.11.13-10.03.33:283][  0]LogConfig: Setting CVar [[r.AmbientOcclusionMipLevelFactor:0.4]]
[2024.11.13-10.03.33:283][  0]LogConfig: Setting CVar [[r.AmbientOcclusionMaxQuality:100]]
[2024.11.13-10.03.33:283][  0]LogConfig: Setting CVar [[r.AmbientOcclusionLevels:-1]]
[2024.11.13-10.03.33:283][  0]LogConfig: Setting CVar [[r.AmbientOcclusionRadiusScale:1.0]]
[2024.11.13-10.03.33:283][  0]LogConfig: Setting CVar [[r.DepthOfFieldQuality:2]]
[2024.11.13-10.03.33:283][  0]LogConfig: Setting CVar [[r.RenderTargetPoolMin:400]]
[2024.11.13-10.03.33:283][  0]LogConfig: Setting CVar [[r.LensFlareQuality:2]]
[2024.11.13-10.03.33:283][  0]LogConfig: Setting CVar [[r.SceneColorFringeQuality:1]]
[2024.11.13-10.03.33:283][  0]LogConfig: Setting CVar [[r.EyeAdaptationQuality:2]]
[2024.11.13-10.03.33:283][  0]LogConfig: Setting CVar [[r.BloomQuality:5]]
[2024.11.13-10.03.33:283][  0]LogConfig: Setting CVar [[r.FastBlurThreshold:100]]
[2024.11.13-10.03.33:283][  0]LogConfig: Setting CVar [[r.Upscale.Quality:3]]
[2024.11.13-10.03.33:283][  0]LogConfig: Setting CVar [[r.Tonemapper.GrainQuantization:1]]
[2024.11.13-10.03.33:283][  0]LogConfig: Setting CVar [[r.LightShaftQuality:1]]
[2024.11.13-10.03.33:283][  0]LogConfig: Setting CVar [[r.Filter.SizeScale:1]]
[2024.11.13-10.03.33:283][  0]LogConfig: Setting CVar [[r.Tonemapper.Quality:5]]
[2024.11.13-10.03.33:283][  0]LogConfig: Setting CVar [[r.DOF.Gather.AccumulatorQuality:1        ; higher gathering accumulator quality]]
[2024.11.13-10.03.33:283][  0]LogConfig: Setting CVar [[r.DOF.Gather.PostfilterMethod:1          ; Median3x3 postfilering method]]
[2024.11.13-10.03.33:283][  0]LogConfig: Setting CVar [[r.DOF.Gather.EnableBokehSettings:0       ; no bokeh simulation when gathering]]
[2024.11.13-10.03.33:283][  0]LogConfig: Setting CVar [[r.DOF.Gather.RingCount:4                 ; medium number of samples when gathering]]
[2024.11.13-10.03.33:283][  0]LogConfig: Setting CVar [[r.DOF.Scatter.ForegroundCompositing:1    ; additive foreground scattering]]
[2024.11.13-10.03.33:283][  0]LogConfig: Setting CVar [[r.DOF.Scatter.BackgroundCompositing:2    ; additive background scattering]]
[2024.11.13-10.03.33:283][  0]LogConfig: Setting CVar [[r.DOF.Scatter.EnableBokehSettings:1      ; bokeh simulation when scattering]]
[2024.11.13-10.03.33:283][  0]LogConfig: Setting CVar [[r.DOF.Scatter.MaxSpriteRatio:0.1         ; only a maximum of 10% of scattered bokeh]]
[2024.11.13-10.03.33:283][  0]LogConfig: Setting CVar [[r.DOF.Recombine.Quality:1                ; cheap slight out of focus]]
[2024.11.13-10.03.33:283][  0]LogConfig: Setting CVar [[r.DOF.Recombine.EnableBokehSettings:0    ; no bokeh simulation on slight out of focus]]
[2024.11.13-10.03.33:283][  0]LogConfig: Setting CVar [[r.DOF.TemporalAAQuality:1                ; more stable temporal accumulation]]
[2024.11.13-10.03.33:283][  0]LogConfig: Setting CVar [[r.DOF.Kernel.MaxForegroundRadius:0.025]]
[2024.11.13-10.03.33:283][  0]LogConfig: Setting CVar [[r.DOF.Kernel.MaxBackgroundRadius:0.025]]
[2024.11.13-10.03.33:283][  0]LogConfig: Applying CVar settings from Section [TextureQuality@3] File [C:/Users/pietd/Documents/GitHub/The-Tech-Academy-C-and-Unreal-Engine-Projects/Unreal Engine/CrossTheRoad/Saved/Config/Windows/Scalability.ini]
[2024.11.13-10.03.33:283][  0]LogConfig: Setting CVar [[r.Streaming.MipBias:0]]
[2024.11.13-10.03.33:283][  0]LogConfig: Setting CVar [[r.Streaming.AmortizeCPUToGPUCopy:0]]
[2024.11.13-10.03.33:283][  0]LogConfig: Setting CVar [[r.Streaming.MaxNumTexturesToStreamPerFrame:0]]
[2024.11.13-10.03.33:283][  0]LogConfig: Setting CVar [[r.Streaming.Boost:1]]
[2024.11.13-10.03.33:283][  0]LogConfig: Setting CVar [[r.MaxAnisotropy:8]]
[2024.11.13-10.03.33:283][  0]LogConfig: Setting CVar [[r.Streaming.LimitPoolSizeToVRAM:0]]
[2024.11.13-10.03.33:283][  0]LogConfig: Setting CVar [[r.Streaming.PoolSize:1000]]
[2024.11.13-10.03.33:283][  0]LogConfig: Setting CVar [[r.Streaming.MaxEffectiveScreenSize:0]]
[2024.11.13-10.03.33:283][  0]LogConfig: Applying CVar settings from Section [EffectsQuality@3] File [C:/Users/pietd/Documents/GitHub/The-Tech-Academy-C-and-Unreal-Engine-Projects/Unreal Engine/CrossTheRoad/Saved/Config/Windows/Scalability.ini]
[2024.11.13-10.03.33:283][  0]LogConfig: Setting CVar [[r.TranslucencyLightingVolumeDim:64]]
[2024.11.13-10.03.33:283][  0]LogConfig: Setting CVar [[r.RefractionQuality:2]]
[2024.11.13-10.03.33:283][  0]LogConfig: Setting CVar [[r.SSR.Quality:3]]
[2024.11.13-10.03.33:283][  0]LogConfig: Setting CVar [[r.SceneColorFormat:4]]
[2024.11.13-10.03.33:283][  0]LogConfig: Setting CVar [[r.DetailMode:2]]
[2024.11.13-10.03.33:283][  0]LogConfig: Setting CVar [[r.TranslucencyVolumeBlur:1]]
[2024.11.13-10.03.33:283][  0]LogConfig: Setting CVar [[r.MaterialQualityLevel:1 ; High quality]]
[2024.11.13-10.03.33:283][  0]LogConfig: Setting CVar [[r.SSS.Scale:1]]
[2024.11.13-10.03.33:283][  0]LogConfig: Setting CVar [[r.SSS.SampleSet:2]]
[2024.11.13-10.03.33:283][  0]LogConfig: Setting CVar [[r.SSS.Quality:1]]
[2024.11.13-10.03.33:283][  0]LogConfig: Setting CVar [[r.SSS.HalfRes:1]]
[2024.11.13-10.03.33:283][  0]LogConfig: Setting CVar [[r.EmitterSpawnRateScale:1.0]]
[2024.11.13-10.03.33:283][  0]LogConfig: Setting CVar [[r.ParticleLightQuality:2]]
[2024.11.13-10.03.33:283][  0]LogConfig: Applying CVar settings from Section [FoliageQuality@3] File [C:/Users/pietd/Documents/GitHub/The-Tech-Academy-C-and-Unreal-Engine-Projects/Unreal Engine/CrossTheRoad/Saved/Config/Windows/Scalability.ini]
[2024.11.13-10.03.33:283][  0]LogConfig: Setting CVar [[foliage.DensityScale:1.0]]
[2024.11.13-10.03.33:283][  0]LogConfig: Setting CVar [[grass.DensityScale:1.0]]
[2024.11.13-10.03.33:283][  0]LogConfig: Applying CVar settings from Section [Startup] File [../../../Engine/Config/ConsoleVariables.ini]
[2024.11.13-10.03.33:284][  0]LogConfig: Setting CVar [[net.UseAdaptiveNetUpdateFrequency:0]]
[2024.11.13-10.03.33:284][  0]LogConfig: Setting CVar [[p.chaos.AllowCreatePhysxBodies:1]]
[2024.11.13-10.03.33:284][  0]LogConfig: Applying CVar settings from Section [ConsoleVariables] File [C:/Users/pietd/Documents/GitHub/The-Tech-Academy-C-and-Unreal-Engine-Projects/Unreal Engine/CrossTheRoad/Saved/Config/Windows/Engine.ini]
[2024.11.13-10.03.33:284][  0]LogInit: Computer: DELEEUW
[2024.11.13-10.03.33:284][  0]LogInit: User: pietd
[2024.11.13-10.03.33:284][  0]LogInit: CPU Page size=4096, Cores=14
[2024.11.13-10.03.33:284][  0]LogInit: High frequency timer resolution =10.000000 MHz
[2024.11.13-10.03.33:284][  0]LogMemory: Memory total: Physical=15.7GB (16GB approx)
[2024.11.13-10.03.33:284][  0]LogMemory: Platform Memory Stats for Windows
[2024.11.13-10.03.33:284][  0]LogMemory: Process Physical Memory: 101.84 MB used, 101.84 MB peak
[2024.11.13-10.03.33:284][  0]LogMemory: Process Virtual Memory: 91.79 MB used, 91.79 MB peak
[2024.11.13-10.03.33:284][  0]LogMemory: Physical Memory: 9747.31 MB used,  6323.18 MB free, 16070.49 MB total
[2024.11.13-10.03.33:284][  0]LogMemory: Virtual Memory: 4704.25 MB used,  134213024.00 MB free, 134217728.00 MB total
[2024.11.13-10.03.33:531][  0]LogInit: Using OS detected language (nl-NL).
[2024.11.13-10.03.33:531][  0]LogInit: Using OS detected locale (nl-NL).
[2024.11.13-10.03.33:533][  0]LogTextLocalizationManager: No localization for 'nl-NL' exists, so 'en' will be used for the language.
[2024.11.13-10.03.33:786][  0]LogInit: Setting process to per monitor DPI aware
[2024.11.13-10.03.33:889][  0]LogSlate: New Slate User Created.  User Index 0, Is Virtual User: 0
[2024.11.13-10.03.33:889][  0]LogSlate: Slate User Registered.  User Index 0, Is Virtual User: 0
[2024.11.13-10.03.36:624][  0]LogHMD: Failed to initialize OpenVR with code 110
[2024.11.13-10.03.36:624][  0]LogD3D11RHI: D3D11 adapters:
[2024.11.13-10.03.36:754][  0]LogD3D11RHI:    0. 'NVIDIA GeForce RTX 4060 Laptop GPU' (Feature Level 11_0)
[2024.11.13-10.03.36:754][  0]LogD3D11RHI:       7971/0/8035 MB DedicatedVideo/DedicatedSystem/SharedSystem, Outputs:2, VendorId:0x10de
[2024.11.13-10.03.36:796][  0]LogD3D11RHI:    1. 'Intel(R) Iris(R) Xe Graphics' (Feature Level 11_0)
[2024.11.13-10.03.36:796][  0]LogD3D11RHI:       128/0/8035 MB DedicatedVideo/DedicatedSystem/SharedSystem, Outputs:0, VendorId:0x8086
[2024.11.13-10.03.36:801][  0]LogD3D11RHI:    2. 'Microsoft Basic Render Driver' (Feature Level 11_0)
[2024.11.13-10.03.36:801][  0]LogD3D11RHI:       0/0/8035 MB DedicatedVideo/DedicatedSystem/SharedSystem, Outputs:0, VendorId:0x1414
[2024.11.13-10.03.36:801][  0]LogD3D11RHI: Chosen D3D11 Adapter: 0
[2024.11.13-10.03.36:809][  0]LogD3D11RHI: Creating new Direct3DDevice
[2024.11.13-10.03.36:810][  0]LogD3D11RHI:     GPU DeviceId: 0x28a0 (for the marketing name, search the web for "GPU Device Id")
[2024.11.13-10.03.36:810][  0]LogWindows: EnumDisplayDevices:
[2024.11.13-10.03.36:810][  0]LogWindows:    0. 'Intel(R) Iris(R) Xe Graphics' (P:1 D:1)
[2024.11.13-10.03.36:810][  0]LogWindows:    1. 'Intel(R) Iris(R) Xe Graphics' (P:0 D:0)
[2024.11.13-10.03.36:810][  0]LogWindows:    2. 'Intel(R) Iris(R) Xe Graphics' (P:0 D:0)
[2024.11.13-10.03.36:810][  0]LogWindows:    3. 'Intel(R) Iris(R) Xe Graphics' (P:0 D:0)
[2024.11.13-10.03.36:810][  0]LogWindows:    4. 'NVIDIA GeForce RTX 4060 Laptop GPU' (P:0 D:1)
[2024.11.13-10.03.36:810][  0]LogWindows:    5. 'NVIDIA GeForce RTX 4060 Laptop GPU' (P:0 D:0)
[2024.11.13-10.03.36:811][  0]LogWindows:    6. 'NVIDIA GeForce RTX 4060 Laptop GPU' (P:0 D:0)
[2024.11.13-10.03.36:811][  0]LogWindows:    7. 'NVIDIA GeForce RTX 4060 Laptop GPU' (P:0 D:0)
[2024.11.13-10.03.36:811][  0]LogWindows: DebugString: PrimaryIsNotTheChoosenAdapter PrimaryIsNotTheChoosenAdapter PrimaryIsNotTheChoosenAdapter PrimaryIsNotTheChoosenAdapter FoundDriverCount:4 
[2024.11.13-10.03.36:811][  0]LogD3D11RHI:     Adapter Name: NVIDIA GeForce RTX 4060 Laptop GPU
[2024.11.13-10.03.36:811][  0]LogD3D11RHI:   Driver Version: 527.58 (internal:31.0.15.2758, unified:527.58)
[2024.11.13-10.03.36:811][  0]LogD3D11RHI:      Driver Date: 12-6-2022
[2024.11.13-10.03.36:811][  0]LogRHI: Texture pool is 5579 MB (70% of 7971 MB)
[2024.11.13-10.03.36:871][  0]LogD3D11RHI: Async texture creation enabled
[2024.11.13-10.03.36:876][  0]LogRendererCore: FGlobalReadBuffer::InitRHI
[2024.11.13-10.03.36:877][  0]LogRendererCore: FGlobalReadBuffer::InitRHI
[2024.11.13-10.03.36:877][  0]LogRendererCore: FGlobalReadBuffer::InitRHI
[2024.11.13-10.03.36:886][  0]LogD3D11RHI: GPU Timing Frequency: 1000.000000 (Debug: 2 1)
[2024.11.13-10.03.37:132][  0]LogTemp: Display: Module 'AllDesktopTargetPlatform' loaded TargetPlatform 'AllDesktop'
[2024.11.13-10.03.37:144][  0]LogTemp: Display: Module 'MacClientTargetPlatform' loaded TargetPlatform 'MacClient'
[2024.11.13-10.03.37:157][  0]LogTemp: Display: Module 'MacNoEditorTargetPlatform' loaded TargetPlatform 'MacNoEditor'
[2024.11.13-10.03.37:172][  0]LogTemp: Display: Module 'MacServerTargetPlatform' loaded TargetPlatform 'MacServer'
[2024.11.13-10.03.37:191][  0]LogTemp: Display: Module 'MacTargetPlatform' loaded TargetPlatform 'Mac'
[2024.11.13-10.03.37:216][  0]LogTemp: Display: Module 'WindowsClientTargetPlatform' loaded TargetPlatform 'WindowsClient'
[2024.11.13-10.03.37:245][  0]LogTemp: Display: Module 'WindowsNoEditorTargetPlatform' loaded TargetPlatform 'WindowsNoEditor'
[2024.11.13-10.03.37:272][  0]LogTemp: Display: Module 'WindowsServerTargetPlatform' loaded TargetPlatform 'WindowsServer'
[2024.11.13-10.03.37:282][  0]LogTemp: Display: Module 'WindowsTargetPlatform' loaded TargetPlatform 'Windows'
[2024.11.13-10.03.37:450][  0]LogTemp: Display: Module 'AndroidTargetPlatform' loaded TargetPlatform 'Android'
[2024.11.13-10.03.37:451][  0]LogTemp: Display: Module 'AndroidTargetPlatform' loaded TargetPlatform 'Android_ASTC'
[2024.11.13-10.03.37:451][  0]LogTemp: Display: Module 'AndroidTargetPlatform' loaded TargetPlatform 'Android_ATC'
[2024.11.13-10.03.37:451][  0]LogTemp: Display: Module 'AndroidTargetPlatform' loaded TargetPlatform 'Android_DXT'
[2024.11.13-10.03.37:451][  0]LogTemp: Display: Module 'AndroidTargetPlatform' loaded TargetPlatform 'Android_ETC1'
[2024.11.13-10.03.37:451][  0]LogTemp: Display: Module 'AndroidTargetPlatform' loaded TargetPlatform 'Android_ETC1a'
[2024.11.13-10.03.37:451][  0]LogTemp: Display: Module 'AndroidTargetPlatform' loaded TargetPlatform 'Android_ETC2'
[2024.11.13-10.03.37:451][  0]LogTemp: Display: Module 'AndroidTargetPlatform' loaded TargetPlatform 'Android_PVRTC'
[2024.11.13-10.03.37:451][  0]LogTemp: Display: Module 'AndroidTargetPlatform' loaded TargetPlatform 'AndroidClient'
[2024.11.13-10.03.37:451][  0]LogTemp: Display: Module 'AndroidTargetPlatform' loaded TargetPlatform 'Android_ASTCClient'
[2024.11.13-10.03.37:451][  0]LogTemp: Display: Module 'AndroidTargetPlatform' loaded TargetPlatform 'Android_ATCClient'
[2024.11.13-10.03.37:451][  0]LogTemp: Display: Module 'AndroidTargetPlatform' loaded TargetPlatform 'Android_DXTClient'
[2024.11.13-10.03.37:451][  0]LogTemp: Display: Module 'AndroidTargetPlatform' loaded TargetPlatform 'Android_ETC1Client'
[2024.11.13-10.03.37:451][  0]LogTemp: Display: Module 'AndroidTargetPlatform' loaded TargetPlatform 'Android_ETC1aClient'
[2024.11.13-10.03.37:451][  0]LogTemp: Display: Module 'AndroidTargetPlatform' loaded TargetPlatform 'Android_ETC2Client'
[2024.11.13-10.03.37:451][  0]LogTemp: Display: Module 'AndroidTargetPlatform' loaded TargetPlatform 'Android_PVRTCClient'
[2024.11.13-10.03.37:451][  0]LogTemp: Display: Module 'AndroidTargetPlatform' loaded TargetPlatform 'Android_Multi'
[2024.11.13-10.03.37:451][  0]LogTemp: Display: Module 'AndroidTargetPlatform' loaded TargetPlatform 'Android_MultiClient'
[2024.11.13-10.03.37:455][  0]LogTemp: Display: Module 'HTML5TargetPlatform' loaded TargetPlatform 'HTML5'
[2024.11.13-10.03.37:542][  0]LogTemp: Display: Module 'IOSTargetPlatform' loaded TargetPlatform 'IOSClient'
[2024.11.13-10.03.37:542][  0]LogTemp: Display: Module 'IOSTargetPlatform' loaded TargetPlatform 'IOS'
[2024.11.13-10.03.37:592][  0]LogTemp: Display: Module 'TVOSTargetPlatform' loaded TargetPlatform 'TVOSClient'
[2024.11.13-10.03.37:592][  0]LogTemp: Display: Module 'TVOSTargetPlatform' loaded TargetPlatform 'TVOS'
[2024.11.13-10.03.37:604][  0]LogTemp: Display: Module 'LinuxClientTargetPlatform' loaded TargetPlatform 'LinuxClient'
[2024.11.13-10.03.37:616][  0]LogTemp: Display: Module 'LinuxNoEditorTargetPlatform' loaded TargetPlatform 'LinuxNoEditor'
[2024.11.13-10.03.37:634][  0]LogTemp: Display: Module 'LinuxServerTargetPlatform' loaded TargetPlatform 'LinuxServer'
[2024.11.13-10.03.37:658][  0]LogTemp: Display: Module 'LinuxTargetPlatform' loaded TargetPlatform 'Linux'
[2024.11.13-10.03.37:753][  0]LogTemp: Display: Module 'LuminTargetPlatform' loaded TargetPlatform 'Lumin'
[2024.11.13-10.03.37:753][  0]LogTemp: Display: Module 'LuminTargetPlatform' loaded TargetPlatform 'LuminClient'
[2024.11.13-10.03.37:753][  0]LogTargetPlatformManager: Display: Building Assets For Windows
[2024.11.13-10.03.37:834][  0]LogAudioDebug: Display: Lib vorbis DLL was dynamically loaded.
[2024.11.13-10.03.37:954][  0]LogShaderCompilers: Guid format shader working directory is -73 characters bigger than the processId version (../../../../../../Users/pietd/Documents/GitHub/The-Tech-Academy-C-and-Unreal-Engine-Projects/Unreal Engine/CrossTheRoad/Intermediate/Shaders/WorkingDirectory/1260/).
[2024.11.13-10.03.37:954][  0]LogShaderCompilers: Cleaned the shader compiler working directory 'C:/Users/pietd/AppData/Local/Temp/UnrealShaderWorkingDir/6FFD88784863155B4285AABACA590E80/'.
[2024.11.13-10.03.37:956][  0]LogXGEController: Cleaning working directory: C:/Users/pietd/AppData/Local/Temp/UnrealXGEWorkingDir/
[2024.11.13-10.03.37:956][  0]LogXGEController: Cannot use XGE Controller as Incredibuild is not installed on this machine.
[2024.11.13-10.03.37:956][  0]LogShaderCompilers: Cannot use XGE Shader Compiler as Incredibuild is not installed on this machine.
[2024.11.13-10.03.37:956][  0]LogShaderCompilers: Display: Using Local Shader Compiler.
[2024.11.13-10.03.38:923][  0]LogDerivedDataCache: Display: Max Cache Size: 512 MB
[2024.11.13-10.03.38:988][  0]LogDerivedDataCache: Loaded boot cache 0.07s 71MB C:/Users/pietd/AppData/Local/UnrealEngine/4.22/DerivedDataCache/Boot.ddc.
[2024.11.13-10.03.38:988][  0]LogDerivedDataCache: Display: Loaded Boot cache: C:/Users/pietd/AppData/Local/UnrealEngine/4.22/DerivedDataCache/Boot.ddc
[2024.11.13-10.03.38:988][  0]LogDerivedDataCache: FDerivedDataBackendGraph:  Pak pak cache file ../../../../../../Users/pietd/Documents/GitHub/The-Tech-Academy-C-and-Unreal-Engine-Projects/Unreal Engine/CrossTheRoad/DerivedDataCache/DDC.ddp not found, will not use a pak cache.
[2024.11.13-10.03.38:988][  0]LogDerivedDataCache: Unable to find inner node Pak for hierarchical cache Hierarchy.
[2024.11.13-10.03.38:988][  0]LogDerivedDataCache: FDerivedDataBackendGraph:  CompressedPak pak cache file ../../../../../../Users/pietd/Documents/GitHub/The-Tech-Academy-C-and-Unreal-Engine-Projects/Unreal Engine/CrossTheRoad/DerivedDataCache/Compressed.ddp not found, will not use a pak cache.
[2024.11.13-10.03.38:988][  0]LogDerivedDataCache: Unable to find inner node CompressedPak for hierarchical cache Hierarchy.
[2024.11.13-10.03.39:014][  0]LogDerivedDataCache: Display: Pak cache opened for reading ../../../Engine/DerivedDataCache/Compressed.ddp.
[2024.11.13-10.03.39:014][  0]LogDerivedDataCache: FDerivedDataBackendGraph:  EnterprisePak pak cache file ../../../Enterprise/DerivedDataCache/Compressed.ddp not found, will not use a pak cache.
[2024.11.13-10.03.39:014][  0]LogDerivedDataCache: Unable to find inner node EnterprisePak for hierarchical cache Hierarchy.
[2024.11.13-10.03.39:026][  0]LogDerivedDataCache: Using Local data cache path C:/Users/pietd/AppData/Local/UnrealEngine/Common/DerivedDataCache: Writable
[2024.11.13-10.03.39:026][  0]LogDerivedDataCache: Shared data cache path not found in *engine.ini, will not use an Shared cache.
[2024.11.13-10.03.39:026][  0]LogDerivedDataCache: Unable to find inner node Shared for hierarchical cache Hierarchy.
[2024.11.13-10.03.39:051][  0]LogMaterial: Verifying Global Shaders for PCD3D_SM5
[2024.11.13-10.03.39:051][  0]LogSlate: Using FreeType 2.6.0
[2024.11.13-10.03.39:071][  0]LogSlate: SlateFontServices - WITH_FREETYPE: 1, WITH_HARFBUZZ: 1
[2024.11.13-10.03.39:313][  0]LogAssetRegistry: FAssetRegistry took 0.0326 seconds to start up
[2024.11.13-10.03.39:589][  0]LogInit: Selected Device Profile: [Windows]
[2024.11.13-10.03.39:783][  0]LogMeshReduction: Using QuadricMeshReduction for automatic static mesh reduction
[2024.11.13-10.03.39:784][  0]LogMeshReduction: Using SimplygonMeshReduction for automatic skeletal mesh reduction
[2024.11.13-10.03.39:784][  0]LogMeshReduction: Using ProxyLODMeshReduction for automatic mesh merging
[2024.11.13-10.03.39:784][  0]LogMeshReduction: No distributed automatic mesh merging module available
[2024.11.13-10.03.39:784][  0]LogMeshMerging: No distributed automatic mesh merging module available
[2024.11.13-10.03.39:827][  0]LogNetVersion: CrossTheRoad 1.0.0, NetCL: 5660361, EngineNetVer: 10, GameNetVer: 0 (Checksum: 3894662119)
[2024.11.13-10.03.40:729][  0]LogPackageLocalizationCache: Processed 10 localized package path(s) for 1 prioritized culture(s) in 0.042439 seconds
[2024.11.13-10.03.40:734][  0]LogUObjectArray: 42205 objects as part of root set at end of initial load.
[2024.11.13-10.03.40:734][  0]LogUObjectAllocator: 7325032 out of 0 bytes used by permanent object pool.
[2024.11.13-10.03.40:734][  0]LogUObjectArray: CloseDisregardForGC: 0/0 objects in disregard for GC pool
[2024.11.13-10.03.42:476][  0]LogTcpMessaging: Initializing TcpMessaging bridge
[2024.11.13-10.03.42:491][  0]LogUdpMessaging: Initializing bridge on interface 0.0.0.0:0 to multicast group 230.0.0.1:6666.
[2024.11.13-10.03.42:659][  0]SourceControl: Source control is disabled
[2024.11.13-10.03.42:659][  0]SourceControl: Source control is disabled
[2024.11.13-10.03.42:661][  0]SourceControl: Source control is disabled
[2024.11.13-10.03.42:664][  0]SourceControl: Source control is disabled
[2024.11.13-10.03.42:817][  0]LogAndroidPermission: UAndroidPermissionCallbackProxy::GetInstance
[2024.11.13-10.03.42:899][  0]LogOcInput: OculusInput pre-init called
[2024.11.13-10.03.43:604][  0]LogEngine: Initializing Engine...
[2024.11.13-10.03.43:605][  0]LogHMD: Failed to initialize OpenVR with code 110
[2024.11.13-10.03.43:606][  0]LogStats: UGameplayTagsManager::InitializeManager -  0.000 s
[2024.11.13-10.03.43:978][  0]LogInit: Initializing FReadOnlyCVARCache
[2024.11.13-10.03.43:992][  0]LogAIModule: Creating AISystem for world Untitled
[2024.11.13-10.03.44:004][  0]LogInit: XAudio2 using 'Luidsprekers (Realtek(R) Audio)' : 2 channels at 48 kHz using 32 bits per sample (channel mask 0x3)
[2024.11.13-10.03.44:548][  0]LogInit: FAudioDevice initialized.
[2024.11.13-10.03.44:548][  0]LogNetVersion: Set ProjectVersion to 1.0.0.0. Version Checksum will be recalculated on next use.
[2024.11.13-10.03.44:589][  0]LogDerivedDataCache: Saved boot cache 0.04s 71MB C:/Users/pietd/AppData/Local/UnrealEngine/4.22/DerivedDataCache/Boot.ddc.
[2024.11.13-10.03.44:592][  0]LogInit: Texture streaming: Enabled
[2024.11.13-10.03.44:611][  0]LogEngineSessionManager: EngineSessionManager initialized
[2024.11.13-10.03.44:632][  0]LogInit: Transaction tracking system initialized
[2024.11.13-10.03.44:661][  0]BlueprintLog: New page: Editor Load
[2024.11.13-10.03.44:759][  0]LocalizationService: Localization service is disabled
[2024.11.13-10.03.45:243][  0]LogFileCache: Scanning file cache for directory 'C:/Users/pietd/Documents/GitHub/The-Tech-Academy-C-and-Unreal-Engine-Projects/Unreal Engine/CrossTheRoad/Content/' took 0.02s
[2024.11.13-10.03.45:243][  0]LogCook: Display: Max memory allowance for cook 16384mb min free memory 0mb
[2024.11.13-10.03.45:244][  0]LogCook: Display: Mobile HDR setting 1
[2024.11.13-10.03.45:527][  0]SourceControl: Source control is disabled
[2024.11.13-10.03.45:528][  0]Cmd: MAP LOAD FILE="../../../Engine/Content/Maps/Templates/Template_Default.umap" TEMPLATE=1 SHOWPROGRESS=1 FEATURELEVEL=3
[2024.11.13-10.03.45:528][  0]LightingResults: New page: Lighting Build
[2024.11.13-10.03.45:532][  0]MapCheck: New page: Map Check
[2024.11.13-10.03.45:532][  0]LightingResults: New page: Lighting Build
[2024.11.13-10.03.45:563][  0]LogUObjectHash: Compacting FUObjectHashTables data took   1.45ms
[2024.11.13-10.03.45:697][  0]LogAIModule: Creating AISystem for world Untitled_1
[2024.11.13-10.03.45:708][  0]LogEditorServer: Finished looking for orphan Actors (0.000 secs)
[2024.11.13-10.03.45:744][  0]LogUObjectHash: Compacting FUObjectHashTables data took   1.44ms
[2024.11.13-10.03.45:744][  0]Cmd: MAP CHECKDEP NOCLEARLOG
[2024.11.13-10.03.45:745][  0]MapCheck: Map check complete: 0 Error(s), 0 Warning(s), took 0,177ms to complete.
[2024.11.13-10.03.45:745][  0]LogFileHelpers: Loading map 'Template_Default' took 0.216
[2024.11.13-10.03.45:912][  0]LogSlate: Updating window title bar state: overlay mode, drag disabled, window buttons hidden, title bar hidden
[2024.11.13-10.03.45:920][  0]LogSlate: Updating window title bar state: overlay mode, drag disabled, window buttons hidden, title bar hidden
[2024.11.13-10.03.45:927][  0]LogSlate: Updating window title bar state: overlay mode, drag disabled, window buttons hidden, title bar hidden
[2024.11.13-10.03.45:935][  0]LogSlate: Updating window title bar state: overlay mode, drag disabled, window buttons hidden, title bar hidden
[2024.11.13-10.03.45:950][  0]LogCollectionManager: Loaded 0 collections in 0.001751 seconds
[2024.11.13-10.03.45:969][  0]LogFileCache: Scanning file cache for directory 'C:/Users/pietd/Documents/GitHub/The-Tech-Academy-C-and-Unreal-Engine-Projects/Unreal Engine/CrossTheRoad/Saved/Collections/' took 0.01s
[2024.11.13-10.03.45:969][  0]LogFileCache: Scanning file cache for directory 'C:/Users/pietd/Documents/GitHub/The-Tech-Academy-C-and-Unreal-Engine-Projects/Unreal Engine/CrossTheRoad/Content/Developers/pietd/Collections/' took 0.00s
[2024.11.13-10.03.45:969][  0]LogFileCache: Scanning file cache for directory 'C:/Users/pietd/Documents/GitHub/The-Tech-Academy-C-and-Unreal-Engine-Projects/Unreal Engine/CrossTheRoad/Content/Collections/' took 0.00s
[2024.11.13-10.03.45:969][  0]LogCollectionManager: Rebuilt the GUID cache for 0 collections in 0.000001 seconds
[2024.11.13-10.03.45:977][  0]LogContentBrowser: Native class hierarchy populated in 0.0079 seconds. Added 2736 classes and 661 folders.
[2024.11.13-10.03.45:984][  0]LogContentBrowser: Native class hierarchy updated for 'WidgetCarousel' in 0.0005 seconds. Added 0 classes and 0 folders.
[2024.11.13-10.03.45:989][  0]LogPakFile: Registered encryption key '00000000000000000000000000000000': 0 pak files mounted, 0 remain pending
[2024.11.13-10.03.46:002][  0]LogPakFile: Registered encryption key '00000000000000000000000000000000': 0 pak files mounted, 0 remain pending
[2024.11.13-10.03.46:026][  0]LogPakFile: Registered encryption key '00000000000000000000000000000000': 0 pak files mounted, 0 remain pending
[2024.11.13-10.03.46:036][  0]LogPakFile: Registered encryption key '00000000000000000000000000000000': 0 pak files mounted, 0 remain pending
[2024.11.13-10.03.46:046][  0]LogPakFile: Registered encryption key '00000000000000000000000000000000': 0 pak files mounted, 0 remain pending
[2024.11.13-10.03.46:054][  0]LogPakFile: Registered encryption key '00000000000000000000000000000000': 0 pak files mounted, 0 remain pending
[2024.11.13-10.03.46:063][  0]LogPakFile: Registered encryption key '00000000000000000000000000000000': 0 pak files mounted, 0 remain pending
[2024.11.13-10.03.46:070][  0]LogPakFile: Registered encryption key '00000000000000000000000000000000': 0 pak files mounted, 0 remain pending
[2024.11.13-10.03.46:077][  0]LogPakFile: Registered encryption key '00000000000000000000000000000000': 0 pak files mounted, 0 remain pending
[2024.11.13-10.03.46:086][  0]LogPakFile: Registered encryption key '00000000000000000000000000000000': 0 pak files mounted, 0 remain pending
[2024.11.13-10.03.46:092][  0]LogPakFile: Registered encryption key '00000000000000000000000000000000': 0 pak files mounted, 0 remain pending
[2024.11.13-10.03.46:100][  0]LogPakFile: Registered encryption key '00000000000000000000000000000000': 0 pak files mounted, 0 remain pending
[2024.11.13-10.03.46:107][  0]LogPakFile: Registered encryption key '00000000000000000000000000000000': 0 pak files mounted, 0 remain pending
[2024.11.13-10.03.46:113][  0]LogPakFile: Registered encryption key '00000000000000000000000000000000': 0 pak files mounted, 0 remain pending
[2024.11.13-10.03.46:119][  0]LogPakFile: Registered encryption key '00000000000000000000000000000000': 0 pak files mounted, 0 remain pending
[2024.11.13-10.03.46:126][  0]LogPakFile: Registered encryption key '00000000000000000000000000000000': 0 pak files mounted, 0 remain pending
[2024.11.13-10.03.46:157][  0]LogPakFile: Registered encryption key '00000000000000000000000000000000': 0 pak files mounted, 0 remain pending
[2024.11.13-10.03.46:164][  0]LogPakFile: Registered encryption key '00000000000000000000000000000000': 0 pak files mounted, 0 remain pending
[2024.11.13-10.03.46:172][  0]LogPakFile: Registered encryption key '00000000000000000000000000000000': 0 pak files mounted, 0 remain pending
[2024.11.13-10.03.46:179][  0]LogPakFile: Registered encryption key '00000000000000000000000000000000': 0 pak files mounted, 0 remain pending
[2024.11.13-10.03.46:186][  0]LogPakFile: Registered encryption key '00000000000000000000000000000000': 0 pak files mounted, 0 remain pending
[2024.11.13-10.03.46:193][  0]LogPakFile: Registered encryption key '00000000000000000000000000000000': 0 pak files mounted, 0 remain pending
[2024.11.13-10.03.46:199][  0]LogPakFile: Registered encryption key '00000000000000000000000000000000': 0 pak files mounted, 0 remain pending
[2024.11.13-10.03.46:207][  0]LogPakFile: Registered encryption key '00000000000000000000000000000000': 0 pak files mounted, 0 remain pending
[2024.11.13-10.03.46:214][  0]LogPakFile: Registered encryption key '00000000000000000000000000000000': 0 pak files mounted, 0 remain pending
[2024.11.13-10.03.46:220][  0]LogPakFile: Registered encryption key '00000000000000000000000000000000': 0 pak files mounted, 0 remain pending
[2024.11.13-10.03.46:394][  0]LogContentBrowser: Native class hierarchy updated for 'AddContentDialog' in 0.0004 seconds. Added 0 classes and 0 folders.
[2024.11.13-10.03.46:402][  0]LogContentBrowser: Native class hierarchy updated for 'SceneOutliner' in 0.0004 seconds. Added 1 classes and 2 folders.
[2024.11.13-10.03.47:222][  0]LogSlate: Only BGRA pngs, bmps or icos are supported in by External Image Picker
[2024.11.13-10.03.47:256][  0]LogSlate: Took 0.009332 seconds to synchronously load lazily loaded font '../../../Engine/Content/Slate/Fonts/Roboto-Regular.ttf' (155K)
[2024.11.13-10.03.47:265][  0]LogSlate: Took 0.007029 seconds to synchronously load lazily loaded font '../../../Engine/Content/Slate/Fonts/Roboto-Bold.ttf' (160K)
[2024.11.13-10.03.47:276][  0]LogSlate: Took 0.006297 seconds to synchronously load lazily loaded font '../../../Engine/Content/Editor/Slate/Fonts/FontAwesome.ttf' (139K)
[2024.11.13-10.03.47:376][  0]LogRenderer: Reallocating scene render targets to support 832x428 Format 10 NumSamples 1 (Frame:1).
[2024.11.13-10.03.47:499][  0]LogSlate: Took 0.000901 seconds to synchronously load lazily loaded font '../../../Engine/Content/Slate/Fonts/Roboto-Light.ttf' (167K)
[2024.11.13-10.03.47:583][  0]LogContentBrowser: Native class hierarchy updated for 'HierarchicalLODOutliner' in 0.0004 seconds. Added 0 classes and 0 folders.
[2024.11.13-10.03.47:583][  0]LogLoad: (Engine Initialization) Total time: 18.17 seconds
[2024.11.13-10.03.47:583][  0]LogLoad: (Engine Initialization) Total Blueprint compile time: 0.00 seconds
[2024.11.13-10.03.47:626][  0]LogAssetRegistry: Asset discovery search completed in 8.3367 seconds
[2024.11.13-10.03.47:627][  0]LogCollectionManager: Rebuilt the object cache for 0 collections in 0.000000 seconds (found 0 objects)
[2024.11.13-10.03.47:628][  0]LogCollectionManager: Fixed up redirectors for 0 collections in 0.000060 seconds (updated 0 objects)
[2024.11.13-10.03.47:629][  0]LogContentStreaming: Texture pool size now 1000 MB
[2024.11.13-10.03.52:148][270]LogSlate: FSceneViewport::OnFocusLost() reason 0
[2024.11.13-10.03.53:751][366]LogSlate: Took 0.000199 seconds to synchronously load lazily loaded font '../../../Engine/Content/Slate/Fonts/Roboto-Light.ttf' (167K)
[2024.11.13-10.03.53:786][366]LogAIModule: Creating AISystem for world Main
[2024.11.13-10.03.53:791][366]LogAssetEditorManager: Opening Asset editor for World /Game/Maps/Main.Main
[2024.11.13-10.03.53:824][366]LogUObjectHash: Compacting FUObjectHashTables data took   1.09ms
[2024.11.13-10.03.53:824][366]Cmd: MAP LOAD FILE="../../../../../../Users/pietd/Documents/GitHub/The-Tech-Academy-C-and-Unreal-Engine-Projects/Unreal Engine/CrossTheRoad/Content/Maps/Main.umap" TEMPLATE=0 SHOWPROGRESS=1 FEATURELEVEL=3
[2024.11.13-10.03.53:824][366]LightingResults: New page: Lighting Build
[2024.11.13-10.03.53:825][366]LoadErrors: New page: Loading map: Main.umap
[2024.11.13-10.03.53:825][366]MapCheck: New page: Map Check
[2024.11.13-10.03.53:825][366]LightingResults: New page: Lighting Build
[2024.11.13-10.03.53:858][366]LogUObjectHash: Compacting FUObjectHashTables data took   1.54ms
[2024.11.13-10.03.53:860][366]LogEditorServer: Finished looking for orphan Actors (0.000 secs)
[2024.11.13-10.03.53:891][366]LogUObjectHash: Compacting FUObjectHashTables data took   1.12ms
[2024.11.13-10.03.53:904][366]Cmd: MAP CHECKDEP NOCLEARLOG
[2024.11.13-10.03.53:904][366]MapCheck: Map check complete: 0 Error(s), 0 Warning(s), took 0,134ms to complete.
[2024.11.13-10.03.53:904][366]LogFileHelpers: Loading map 'Main' took 0.081
[2024.11.13-10.04.30:090][529]LogAssetEditorManager: Opening Asset editor for Class /Script/CrossTheRoad.CrossRoadGameMode
[2024.11.13-10.35.59:345][793]LogAssetEditorManager: Opening Asset editor for Class /Script/CrossTheRoad.Boundary
[2024.11.13-10.36.15:101][718]LogAssetEditorManager: Opening Asset editor for Class /Script/CrossTheRoad.Boundary
[2024.11.13-10.57.08:743][609]LogEditorViewport: Clicking on Actor (LMB): StaticMeshActor (Cube)
[2024.11.13-11.07.58:170][497]LogSlate: FSceneViewport::OnFocusLost() reason 0
[2024.11.13-11.08.47:356][436]LogHttp: Warning: 0000027FCAAEC680: request failed, libcurl error: 56 (Failure when receiving data from the peer)
[2024.11.13-11.08.47:356][436]LogHttp: Warning: 0000027FCAAEC680: libcurl info message cache 0 (Found bundle for host datarouter.ol.epicgames.com: 0x27fcb6f3f70 [can pipeline])
[2024.11.13-11.08.47:356][436]LogHttp: Warning: 0000027FCAAEC680: libcurl info message cache 1 (Re-using existing connection! (#15) with host datarouter.ol.epicgames.com)
[2024.11.13-11.08.47:356][436]LogHttp: Warning: 0000027FCAAEC680: libcurl info message cache 2 (Connected to datarouter.ol.epicgames.com (98.80.93.109) port 443 (#15))
[2024.11.13-11.08.47:356][436]LogHttp: Warning: 0000027FCAAEC680: libcurl info message cache 3 (TLSv1.3 (OUT), TLS Unknown, Unknown (23):)
[2024.11.13-11.08.47:356][436]LogHttp: Warning: 0000027FCAAEC680: libcurl info message cache 4 (TLSv1.3 (OUT), TLS Unknown, Unknown (23):)
[2024.11.13-11.08.47:356][436]LogHttp: Warning: 0000027FCAAEC680: libcurl info message cache 5 (We are completely uploaded and fine)
[2024.11.13-11.08.47:356][436]LogHttp: Warning: 0000027FCAAEC680: libcurl info message cache 6 (OpenSSL SSL_read: SSL_ERROR_SYSCALL, errno 10054)
[2024.11.13-11.08.47:356][436]LogHttp: Warning: 0000027FCAAEC680: libcurl info message cache 7 (Connection died, retrying a fresh connect)
[2024.11.13-11.08.47:356][436]LogHttp: Warning: 0000027FCAAEC680: libcurl info message cache 8 (necessary data rewind wasn't possible)
[2024.11.13-11.08.47:356][436]LogHttp: Warning: 0000027FCAAEC680: libcurl info message cache 9 (Closing connection 15)
[2024.11.13-11.08.47:356][436]LogHttp: Warning: 0000027FCAAEC680: libcurl info message cache 10 (TLSv1.3 (OUT), TLS Unknown, Unknown (21):)
[2024.11.13-11.08.47:357][436]LogHttp: Warning: Retry exhausted on https://datarouter.ol.epicgames.com/datarouter/api/v1/public/data?SessionID=%7B146A7E02-4C56-F732-9785-C5933A817745%7D&AppID=UEEditor.Rocket.Release&AppVersion=4.22.3-7053642%2B%2B%2BUE4%2BRelease-4.22&UserID=6f5b881f45331d87816daf924afe002e%7C5dec2224ee8245e38e0caff7c4780252%7Cd3e8f649-9722-4c6d-b0f1-6f0a0081c516&AppEnvironment=datacollector-binary&UploadType=eteventstream
[2024.11.13-11.29.47:132][385]LogUObjectHash: Compacting FUObjectHashTables data took   5.04ms
[2024.11.13-11.29.47:180][385]LogSlate: Window 'CrossTheRoad - Unreal Editor' being destroyed
[2024.11.13-11.29.47:513][386]Cmd: QUIT_EDITOR
[2024.11.13-11.29.47:663][386]LogWindowsTextInputMethodSystem: Display: IME system now deactivated.
[2024.11.13-11.29.47:681][386]LogExit: Preparing to exit.
[2024.11.13-11.29.47:976][386]LogExit: Editor shut down
[2024.11.13-11.29.47:977][386]LogExit: Transaction tracking system shut down
[2024.11.13-11.29.48:296][386]LogExit: Object subsystem successfully closed.
[2024.11.13-11.29.48:345][386]LogShaderCompilers: Display: Shaders left to compile 0
[2024.11.13-11.29.48:353][386]LogD3D11RHI: Shutdown
[2024.11.13-11.29.48:353][386]LogD3D11RHI: CleanupD3DDevice
[2024.11.13-11.29.48:355][386]LogRendererCore: FGlobalReadBuffer::ReleaseRHI
[2024.11.13-11.29.48:355][386]LogRendererCore: FGlobalDynamicReadBuffer::Cleanup()
[2024.11.13-11.29.48:355][386]LogRendererCore: FGlobalReadBuffer::ReleaseRHI
[2024.11.13-11.29.48:355][386]LogRendererCore: FGlobalDynamicReadBuffer::Cleanup()
[2024.11.13-11.29.48:355][386]LogRendererCore: FGlobalReadBuffer::ReleaseRHI
[2024.11.13-11.29.48:355][386]LogRendererCore: FGlobalDynamicReadBuffer::Cleanup()
[2024.11.13-11.29.48:496][386]LogD3D11RHI: ~FD3D11DynamicRHI
[2024.11.13-11.29.48:549][386]LogModuleManager: Shutting down and abandoning module HierarchicalLODOutliner (648)
[2024.11.13-11.29.48:549][386]LogModuleManager: Shutting down and abandoning module ExternalImagePicker (646)
[2024.11.13-11.29.48:549][386]LogModuleManager: Shutting down and abandoning module SceneOutliner (644)
[2024.11.13-11.29.48:549][386]LogModuleManager: Shutting down and abandoning module AddContentDialog (642)
[2024.11.13-11.29.48:553][386]LogModuleManager: Shutting down and abandoning module WidgetCarousel (641)
[2024.11.13-11.29.48:554][386]LogModuleManager: Shutting down and abandoning module EditorWidgets (638)
[2024.11.13-11.29.48:554][386]LogModuleManager: Shutting down and abandoning module CollectionManager (636)
[2024.11.13-11.29.48:554][386]LogModuleManager: Shutting down and abandoning module HierarchicalLODUtilities (634)
[2024.11.13-11.29.48:554][386]LogModuleManager: Shutting down and abandoning module StatsViewer (632)
[2024.11.13-11.29.48:555][386]LogModuleManager: Shutting down and abandoning module FoliageEdit (630)
[2024.11.13-11.29.48:556][386]LogModuleManager: Shutting down and abandoning module LandscapeEditor (628)
[2024.11.13-11.29.48:556][386]LogModuleManager: Shutting down and abandoning module MeshPaintMode (626)
[2024.11.13-11.29.48:556][386]LogModuleManager: Shutting down and abandoning module SceneDepthPickerMode (624)
[2024.11.13-11.29.48:556][386]LogModuleManager: Shutting down and abandoning module ActorPickerMode (622)
[2024.11.13-11.29.48:556][386]LogModuleManager: Shutting down and abandoning module GeometryMode (620)
[2024.11.13-11.29.48:556][386]LogModuleManager: Shutting down and abandoning module TextureAlignMode (618)
[2024.11.13-11.29.48:556][386]LogModuleManager: Shutting down and abandoning module BspMode (616)
[2024.11.13-11.29.48:556][386]LogModuleManager: Shutting down and abandoning module PIEPreviewDeviceProfileSelector (614)
[2024.11.13-11.29.48:557][386]LogModuleManager: Shutting down and abandoning module SequenceRecorderSections (612)
[2024.11.13-11.29.48:557][386]LogModuleManager: Shutting down and abandoning module AutomationWorker (610)
[2024.11.13-11.29.48:558][386]LogModuleManager: Shutting down and abandoning module OculusMR (608)
[2024.11.13-11.29.48:558][386]LogModuleManager: Shutting down and abandoning module AudioCaptureEditor (606)
[2024.11.13-11.29.48:558][386]LogModuleManager: Shutting down and abandoning module MatineeToLevelSequence (604)
[2024.11.13-11.29.48:559][386]LogModuleManager: Shutting down and abandoning module LevelSequenceEditor (602)
[2024.11.13-11.29.48:560][386]LogModuleManager: Shutting down and abandoning module PlacementMode (601)
[2024.11.13-11.29.48:560][386]LogModuleManager: Shutting down and abandoning module MaterialEditor (600)
[2024.11.13-11.29.48:561][386]LogModuleManager: Shutting down and abandoning module ActorSequenceEditor (596)
[2024.11.13-11.29.48:562][386]LogModuleManager: Shutting down and abandoning module WmfMediaFactory (594)
[2024.11.13-11.29.48:562][386]LogModuleManager: Shutting down and abandoning module WmfMediaEditor (592)
[2024.11.13-11.29.48:562][386]LogModuleManager: Shutting down and abandoning module WebMMediaFactory (590)
[2024.11.13-11.29.48:562][386]LogModuleManager: Shutting down and abandoning module WebMMediaEditor (588)
[2024.11.13-11.29.48:562][386]LogModuleManager: Shutting down and abandoning module WebMMedia (586)
[2024.11.13-11.29.48:563][386]LogModuleManager: Shutting down and abandoning module MediaPlayerEditor (584)
[2024.11.13-11.29.48:563][386]LogModuleManager: Shutting down and abandoning module MediaCompositingEditor (582)
[2024.11.13-11.29.48:563][386]LogModuleManager: Shutting down and abandoning module SequenceRecorder (581)
[2024.11.13-11.29.48:563][386]LogModuleManager: Shutting down and abandoning module OpenExrWrapper (578)
[2024.11.13-11.29.48:563][386]LogModuleManager: Shutting down and abandoning module ImgMediaFactory (576)
[2024.11.13-11.29.48:563][386]LogModuleManager: Shutting down and abandoning module ImgMediaEditor (574)
[2024.11.13-11.29.48:563][386]LogModuleManager: Shutting down and abandoning module AvfMediaFactory (572)
[2024.11.13-11.29.48:563][386]LogModuleManager: Shutting down and abandoning module AvfMediaEditor (570)
[2024.11.13-11.29.48:563][386]LogModuleManager: Shutting down and abandoning module AndroidMediaFactory (568)
[2024.11.13-11.29.48:563][386]LogModuleManager: Shutting down and abandoning module AndroidMediaEditor (566)
[2024.11.13-11.29.48:563][386]LogModuleManager: Shutting down and abandoning module MagicLeapCameraPreviewFactory (564)
[2024.11.13-11.29.48:563][386]LogModuleManager: Shutting down and abandoning module MagicLeapMediaCodecFactory (562)
[2024.11.13-11.29.48:563][386]LogModuleManager: Shutting down and abandoning module MagicLeapMediaFactory (560)
[2024.11.13-11.29.48:563][386]LogModuleManager: Shutting down and abandoning module MagicLeapMediaEditor (558)
[2024.11.13-11.29.48:564][386]LogModuleManager: Shutting down and abandoning module CharacterAI (556)
[2024.11.13-11.29.48:564][386]LogModuleManager: Shutting down and abandoning module SmartSnapping (554)
[2024.11.13-11.29.48:564][386]LogModuleManager: Shutting down and abandoning module SessionServices (552)
[2024.11.13-11.29.48:564][386]LogModuleManager: Shutting down and abandoning module MeshPaint (550)
[2024.11.13-11.29.48:564][386]LogModuleManager: Shutting down and abandoning module ViewportSnapping (548)
[2024.11.13-11.29.48:564][386]LogModuleManager: Shutting down and abandoning module ViewportInteraction (546)
[2024.11.13-11.29.48:564][386]LogModuleManager: Shutting down and abandoning module ClothPainter (544)
[2024.11.13-11.29.48:564][386]LogModuleManager: Shutting down and abandoning module SkeletalMeshEditor (543)
[2024.11.13-11.29.48:565][386]LogModuleManager: Shutting down and abandoning module LogVisualizer (540)
[2024.11.13-11.29.48:566][386]LogModuleManager: Shutting down and abandoning module IntroTutorials (538)
[2024.11.13-11.29.48:568][386]LogModuleManager: Shutting down and abandoning module GameProjectGeneration (537)
[2024.11.13-11.29.48:568][386]LogModuleManager: Shutting down and abandoning module LuminPlatformEditor (534)
[2024.11.13-11.29.48:568][386]LogModuleManager: Shutting down and abandoning module IOSPlatformEditor (532)
[2024.11.13-11.29.48:568][386]LogModuleManager: Shutting down and abandoning module HTML5PlatformEditor (530)
[2024.11.13-11.29.48:568][386]LogModuleManager: Shutting down and abandoning module AndroidPlatformEditor (528)
[2024.11.13-11.29.48:568][386]LogModuleManager: Shutting down and abandoning module AndroidDeviceDetection (527)
[2024.11.13-11.29.50:228][386]LogModuleManager: Shutting down and abandoning module WindowsPlatformEditor (524)
[2024.11.13-11.29.50:228][386]LogModuleManager: Shutting down and abandoning module LuminRuntimeSettings (522)
[2024.11.13-11.29.50:228][386]LogModuleManager: Shutting down and abandoning module IOSRuntimeSettings (520)
[2024.11.13-11.29.50:228][386]LogModuleManager: Shutting down and abandoning module AndroidRuntimeSettings (518)
[2024.11.13-11.29.50:228][386]LogModuleManager: Shutting down and abandoning module TimeManagementEditor (516)
[2024.11.13-11.29.50:228][386]LogModuleManager: Shutting down and abandoning module InputBindingEditor (514)
[2024.11.13-11.29.50:228][386]LogModuleManager: Shutting down and abandoning module MergeActors (512)
[2024.11.13-11.29.50:229][386]LogModuleManager: Shutting down and abandoning module LocalizationDashboard (510)
[2024.11.13-11.29.50:230][386]LogModuleManager: Shutting down and abandoning module LocalizationService (509)
[2024.11.13-11.29.50:230][386]LogModuleManager: Shutting down and abandoning module HardwareTargeting (506)
[2024.11.13-11.29.50:230][386]LogModuleManager: Shutting down and abandoning module DeviceProfileEditor (504)
[2024.11.13-11.29.50:231][386]LogModuleManager: Shutting down and abandoning module UndoHistory (502)
[2024.11.13-11.29.50:231][386]LogModuleManager: Shutting down and abandoning module XmlParser (500)
[2024.11.13-11.29.50:231][386]LogModuleManager: Shutting down and abandoning module Blutility (498)
[2024.11.13-11.29.50:232][386]LogModuleManager: Shutting down and abandoning module ProjectSettingsViewer (496)
[2024.11.13-11.29.50:232][386]LogModuleManager: Shutting down and abandoning module ProjectTargetPlatformEditor (495)
[2024.11.13-11.29.50:232][386]LogModuleManager: Shutting down and abandoning module EditorSettingsViewer (492)
[2024.11.13-11.29.50:232][386]LogModuleManager: Shutting down and abandoning module SettingsEditor (490)
[2024.11.13-11.29.50:233][386]LogModuleManager: Shutting down and abandoning module ProjectLauncher (488)
[2024.11.13-11.29.50:234][386]LogModuleManager: Shutting down and abandoning module SessionFrontend (486)
[2024.11.13-11.29.50:234][386]LogModuleManager: Shutting down and abandoning module ProfilerClient (484)
[2024.11.13-11.29.50:235][386]LogModuleManager: Shutting down and abandoning module DeviceManager (482)
[2024.11.13-11.29.50:236][386]LogModuleManager: Shutting down and abandoning module TargetDeviceServices (481)
[2024.11.13-11.29.50:279][386]LogModuleManager: Shutting down and abandoning module AutomationController (478)
[2024.11.13-11.29.50:280][386]LogModuleManager: Shutting down and abandoning module AutomationWindow (476)
[2024.11.13-11.29.50:281][386]LogModuleManager: Shutting down and abandoning module Layers (474)
[2024.11.13-11.29.50:283][386]LogModuleManager: Shutting down and abandoning module ComponentVisualizers (472)
[2024.11.13-11.29.50:283][386]LogModuleManager: Shutting down and abandoning module DetailCustomizations (470)
[2024.11.13-11.29.50:284][386]LogModuleManager: Shutting down and abandoning module PackagesDialog (468)
[2024.11.13-11.29.50:285][386]LogModuleManager: Shutting down and abandoning module AnimationBlueprintEditor (466)
[2024.11.13-11.29.50:287][386]LogModuleManager: Shutting down and abandoning module Persona (464)
[2024.11.13-11.29.50:288][386]LogModuleManager: Shutting down and abandoning module AdvancedPreviewScene (463)
[2024.11.13-11.29.50:288][386]LogModuleManager: Shutting down and abandoning module AnimGraph (461)
[2024.11.13-11.29.50:288][386]LogModuleManager: Shutting down and abandoning module Kismet (458)
[2024.11.13-11.29.50:291][386]LogModuleManager: Shutting down and abandoning module GraphEditor (456)
[2024.11.13-11.29.50:294][386]LogModuleManager: Shutting down and abandoning module ClassViewer (454)
[2024.11.13-11.29.50:294][386]LogModuleManager: Shutting down and abandoning module Toolbox (452)
[2024.11.13-11.29.50:294][386]LogModuleManager: Shutting down and abandoning module DesktopPlatform (451)
[2024.11.13-11.29.50:294][386]LogModuleManager: Shutting down and abandoning module ModuleUI (448)
[2024.11.13-11.29.50:295][386]LogModuleManager: Shutting down and abandoning module MovieSceneTools (446)
[2024.11.13-11.29.50:295][386]LogModuleManager: Shutting down and abandoning module OutputLog (444)
[2024.11.13-11.29.50:295][386]LogModuleManager: Shutting down and abandoning module GammaUI (442)
[2024.11.13-11.29.50:296][386]LogModuleManager: Shutting down and abandoning module Documentation (440)
[2024.11.13-11.29.50:296][386]LogModuleManager: Shutting down and abandoning module LiveCoding (438)
[2024.11.13-11.29.50:297][386]LogModuleManager: Shutting down and abandoning module LevelSequence (436)
[2024.11.13-11.29.50:297][386]LogModuleManager: Shutting down and abandoning module MovieSceneTracks (434)
[2024.11.13-11.29.50:297][386]LogModuleManager: Shutting down and abandoning module MovieScene (432)
[2024.11.13-11.29.50:297][386]LogModuleManager: Shutting down and abandoning module StreamingPauseRendering (430)
[2024.11.13-11.29.50:298][386]LogModuleManager: Shutting down and abandoning module LauncherPlatform (428)
[2024.11.13-11.29.50:298][386]LogModuleManager: Shutting down and abandoning module AnalyticsET (426)
[2024.11.13-11.29.50:298][386]LogModuleManager: Shutting down and abandoning module PortalServices (424)
[2024.11.13-11.29.50:298][386]LogModuleManager: Shutting down and abandoning module PortalRpc (422)
[2024.11.13-11.29.50:298][386]LogModuleManager: Shutting down and abandoning module MessagingRpc (420)
[2024.11.13-11.29.50:298][386]LogModuleManager: Shutting down and abandoning module AIModule (418)
[2024.11.13-11.29.50:299][386]LogModuleManager: Shutting down and abandoning module GameplayDebugger (417)
[2024.11.13-11.29.50:299][386]LogModuleManager: Shutting down and abandoning module AITestSuite (415)
[2024.11.13-11.29.50:300][386]LogModuleManager: Shutting down and abandoning module NavigationSystem (413)
[2024.11.13-11.29.50:300][386]LogModuleManager: Shutting down and abandoning module ImageWriteQueue (410)
[2024.11.13-11.29.50:305][386]LogModuleManager: Shutting down and abandoning module ProfilerService (408)
[2024.11.13-11.29.50:462][386]LogModuleManager: Shutting down and abandoning module TaskGraph (406)
[2024.11.13-11.29.50:463][386]LogModuleManager: Shutting down and abandoning module SteamVRController (404)
[2024.11.13-11.29.50:463][386]LogModuleManager: Shutting down and abandoning module ProceduralMeshComponentEditor (402)
[2024.11.13-11.29.50:463][386]LogModuleManager: Shutting down and abandoning module ProceduralMeshComponent (400)
[2024.11.13-11.29.50:464][386]LogModuleManager: Shutting down and abandoning module OculusEditor (398)
[2024.11.13-11.29.50:465][386]LogModuleManager: Shutting down and abandoning module OculusInput (396)
[2024.11.13-11.29.50:465][386]LogModuleManager: Shutting down and abandoning module MobilePatchingUtils (394)
[2024.11.13-11.29.50:465][386]LogModuleManager: Shutting down and abandoning module EditableMesh (392)
[2024.11.13-11.29.50:465][386]LogModuleManager: Shutting down and abandoning module CustomMeshComponent (390)
[2024.11.13-11.29.50:465][386]LogModuleManager: Shutting down and abandoning module CableComponent (388)
[2024.11.13-11.29.50:466][386]LogModuleManager: Shutting down and abandoning module AudioCapture (386)
[2024.11.13-11.29.50:466][386]LogModuleManager: Shutting down and abandoning module ArchVisCharacter (384)
[2024.11.13-11.29.50:466][386]LogModuleManager: Shutting down and abandoning module AndroidPermission (382)
[2024.11.13-11.29.50:466][386]LogModuleManager: Shutting down and abandoning module NUTUnrealEngine4 (380)
[2024.11.13-11.29.50:466][386]LogModuleManager: Shutting down and abandoning module NetcodeUnitTest (378)
[2024.11.13-11.29.50:468][386]LogModuleManager: Shutting down and abandoning module MediaCompositing (376)
[2024.11.13-11.29.50:468][386]LogModuleManager: Shutting down and abandoning module LinearTimecode (374)
[2024.11.13-11.29.50:468][386]LogModuleManager: Shutting down and abandoning module ImgMedia (372)
[2024.11.13-11.29.50:468][386]LogModuleManager: Shutting down and abandoning module MagicLeapHelperVulkan (370)
[2024.11.13-11.29.50:468][386]LogModuleManager: Shutting down and abandoning module MagicLeapHelperOpenGL (368)
[2024.11.13-11.29.50:468][386]LogModuleManager: Shutting down and abandoning module MagicLeapAudio (366)
[2024.11.13-11.29.50:468][386]LogModuleManager: Shutting down and abandoning module HTML5Networking (364)
[2024.11.13-11.29.50:468][386]LogModuleManager: Shutting down and abandoning module GeometryCacheTracks (362)
[2024.11.13-11.29.50:468][386]LogModuleManager: Shutting down and abandoning module GeometryCacheSequencer (360)
[2024.11.13-11.29.50:468][386]LogModuleManager: Shutting down and abandoning module BackChannel (358)
[2024.11.13-11.29.50:469][386]LogModuleManager: Shutting down and abandoning module AppleVision (356)
[2024.11.13-11.29.50:469][386]LogModuleManager: Shutting down and abandoning module AppleImageUtilsBlueprintSupport (354)
[2024.11.13-11.29.50:469][386]LogModuleManager: Shutting down and abandoning module AppleImageUtils (352)
[2024.11.13-11.29.50:469][386]LogModuleManager: Shutting down and abandoning module AlembicImporter (350)
[2024.11.13-11.29.50:469][386]LogModuleManager: Shutting down and abandoning module AlembicLibrary (349)
[2024.11.13-11.29.50:469][386]LogModuleManager: Shutting down and abandoning module GeometryCache (348)
[2024.11.13-11.29.50:469][386]LogModuleManager: Shutting down and abandoning module GeometryCacheEd (347)
[2024.11.13-11.29.50:469][386]LogModuleManager: Shutting down and abandoning module VariantManagerContent (342)
[2024.11.13-11.29.50:469][386]LogModuleManager: Shutting down and abandoning module DatasmithContentEditor (340)
[2024.11.13-11.29.50:470][386]LogModuleManager: Shutting down and abandoning module SpeedTreeImporter (338)
[2024.11.13-11.29.50:470][386]LogModuleManager: Shutting down and abandoning module PluginBrowser (336)
[2024.11.13-11.29.50:472][386]LogModuleManager: Shutting down and abandoning module MobileLauncherProfileWizard (334)
[2024.11.13-11.29.50:473][386]LogModuleManager: Shutting down and abandoning module MaterialAnalyzer (332)
[2024.11.13-11.29.50:473][386]LogModuleManager: Shutting down and abandoning module CryptoKeysOpenSSL (330)
[2024.11.13-11.29.50:473][386]LogModuleManager: Shutting down and abandoning module CryptoKeys (328)
[2024.11.13-11.29.50:473][386]LogModuleManager: Shutting down and abandoning module VisualStudioSourceCodeAccess (326)
[2024.11.13-11.29.50:473][386]LogModuleManager: Shutting down and abandoning module VisualStudioCodeSourceCodeAccess (324)
[2024.11.13-11.29.50:473][386]LogModuleManager: Shutting down and abandoning module UObjectPlugin (322)
[2024.11.13-11.29.50:473][386]LogModuleManager: Shutting down and abandoning module SubversionSourceControl (320)
[2024.11.13-11.29.50:475][386]LogModuleManager: Shutting down and abandoning module PerforceSourceControl (318)
[2024.11.13-11.29.50:477][386]LogModuleManager: Shutting down and abandoning module GitSourceControl (316)
[2024.11.13-11.29.50:477][386]LogModuleManager: Shutting down and abandoning module SourceControl (315)
[2024.11.13-11.29.50:478][386]LogModuleManager: Shutting down and abandoning module CLionSourceCodeAccess (312)
[2024.11.13-11.29.50:478][386]LogModuleManager: Shutting down and abandoning module AnimationSharingEd (310)
[2024.11.13-11.29.50:478][386]LogModuleManager: Shutting down and abandoning module ActorLayerUtilitiesEditor (308)
[2024.11.13-11.29.50:478][386]LogModuleManager: Shutting down and abandoning module ActorLayerUtilities (306)
[2024.11.13-11.29.50:478][386]LogModuleManager: Shutting down and abandoning module LightPropagationVolumeEditor (304)
[2024.11.13-11.29.50:478][386]LogModuleManager: Shutting down and abandoning module PaperTiledImporter (302)
[2024.11.13-11.29.50:478][386]LogModuleManager: Shutting down and abandoning module PaperSpriteSheetImporter (300)
[2024.11.13-11.29.50:478][386]LogModuleManager: Shutting down and abandoning module Paper2DEditor (298)
[2024.11.13-11.29.50:480][386]LogModuleManager: Shutting down and abandoning module CrossTheRoad (296)
[2024.11.13-11.29.50:480][386]LogModuleManager: Shutting down and abandoning module SignificanceManager (294)
[2024.11.13-11.29.50:480][386]LogModuleManager: Shutting down and abandoning module RuntimePhysXCooking (292)
[2024.11.13-11.29.50:480][386]LogModuleManager: Shutting down and abandoning module PhysXVehiclesEditor (290)
[2024.11.13-11.29.50:480][386]LogModuleManager: Shutting down and abandoning module PhysXVehicles (288)
[2024.11.13-11.29.50:480][386]LogModuleManager: Shutting down and abandoning module LocationServicesBPLibrary (286)
[2024.11.13-11.29.50:480][386]LogModuleManager: Shutting down and abandoning module ActorSequence (284)
[2024.11.13-11.29.50:480][386]LogModuleManager: Shutting down and abandoning module UdpMessaging (282)
[2024.11.13-11.29.50:581][386]LogModuleManager: Shutting down and abandoning module TcpMessaging (280)
[2024.11.13-11.29.50:682][386]LogModuleManager: Shutting down and abandoning module MagicLeapIdentity (278)
[2024.11.13-11.29.50:682][386]LogModuleManager: Shutting down and abandoning module MagicLeapSecureStorage (276)
[2024.11.13-11.29.50:682][386]LogModuleManager: Shutting down and abandoning module MagicLeapHandTracking (274)
[2024.11.13-11.29.50:683][386]LogModuleManager: Shutting down and abandoning module MagicLeapEyeTracker (272)
[2024.11.13-11.29.50:683][386]LogModuleManager: Shutting down and abandoning module MagicLeapController (270)
[2024.11.13-11.29.50:684][386]LogSlate: Slate User Destroyed.  User Index 0, Is Virtual User: 0
[2024.11.13-11.29.50:684][386]LogModuleManager: Shutting down and abandoning module MagicLeapAR (268)
[2024.11.13-11.29.50:684][386]LogModuleManager: Shutting down and abandoning module AugmentedReality (267)
[2024.11.13-11.29.50:684][386]LogModuleManager: Shutting down and abandoning module GameplayTagsEditor (264)
[2024.11.13-11.29.50:684][386]LogModuleManager: Shutting down and abandoning module FacialAnimationEditor (262)
[2024.11.13-11.29.50:684][386]LogModuleManager: Shutting down and abandoning module FacialAnimation (260)
[2024.11.13-11.29.50:684][386]LogModuleManager: Shutting down and abandoning module DataValidation (258)
[2024.11.13-11.29.50:684][386]LogModuleManager: Shutting down and abandoning module AssetManagerEditor (256)
[2024.11.13-11.29.50:685][386]LogModuleManager: Shutting down and abandoning module LevelEditor (255)
[2024.11.13-11.29.50:688][386]LogModuleManager: Shutting down and abandoning module PixelInspectorModule (254)
[2024.11.13-11.29.50:689][386]LogModuleManager: Shutting down and abandoning module CommonMenuExtensions (252)
[2024.11.13-11.29.50:689][386]LogModuleManager: Shutting down and abandoning module MainFrame (250)
[2024.11.13-11.29.50:689][386]LogModuleManager: Shutting down and abandoning module HotReload (249)
[2024.11.13-11.29.50:690][386]LogModuleManager: Shutting down and abandoning module ContentBrowser (245)
[2024.11.13-11.29.50:694][386]LogModuleManager: Shutting down and abandoning module TreeMap (243)
[2024.11.13-11.29.50:694][386]LogModuleManager: Shutting down and abandoning module AnimationSharing (240)
[2024.11.13-11.29.50:694][386]LogModuleManager: Shutting down and abandoning module LightPropagationVolumeRuntime (238)
[2024.11.13-11.29.50:694][386]LogModuleManager: Shutting down and abandoning module AISupportModule (236)
[2024.11.13-11.29.50:694][386]LogModuleManager: Shutting down and abandoning module Paper2D (234)
[2024.11.13-11.29.50:694][386]LogModuleManager: Shutting down and abandoning module WindowsMoviePlayer (232)
[2024.11.13-11.29.50:695][386]LogModuleManager: Shutting down and abandoning module WebMMoviePlayer (230)
[2024.11.13-11.29.50:695][386]LogModuleManager: Shutting down and abandoning module PacketHandler (228)
[2024.11.13-11.29.50:695][386]LogModuleManager: Shutting down and abandoning module ClothingSystemEditor (226)
[2024.11.13-11.29.50:695][386]LogModuleManager: Shutting down and abandoning module ClothingSystemRuntime (224)
[2024.11.13-11.29.50:696][386]LogModuleManager: Shutting down and abandoning module MediaAssets (222)
[2024.11.13-11.29.50:696][386]LogModuleManager: Shutting down and abandoning module Overlay (220)
[2024.11.13-11.29.50:696][386]LogModuleManager: Shutting down and abandoning module OverlayEditor (219)
[2024.11.13-11.29.50:696][386]LogModuleManager: Shutting down and abandoning module VREditor (216)
[2024.11.13-11.29.50:697][386]LogModuleManager: Shutting down and abandoning module StringTableEditor (214)
[2024.11.13-11.29.50:698][386]LogModuleManager: Shutting down and abandoning module GameplayTasksEditor (212)
[2024.11.13-11.29.50:698][386]LogModuleManager: Shutting down and abandoning module BehaviorTreeEditor (210)
[2024.11.13-11.29.50:700][386]LogModuleManager: Shutting down and abandoning module FunctionalTesting (208)
[2024.11.13-11.29.50:701][386]LogModuleManager: Shutting down and abandoning module CollisionAnalyzer (206)
[2024.11.13-11.29.50:703][386]LogModuleManager: Shutting down and abandoning module WorkspaceMenuStructure (205)
[2024.11.13-11.29.50:703][386]LogModuleManager: Shutting down and abandoning module UMG (202)
[2024.11.13-11.29.50:703][386]LogModuleManager: Shutting down and abandoning module UMGEditor (201)
[2024.11.13-11.29.50:705][386]LogModuleManager: Shutting down and abandoning module Sequencer (200)
[2024.11.13-11.29.50:707][386]LogModuleManager: Shutting down and abandoning module MessageLog (197)
[2024.11.13-11.29.50:708][386]LogModuleManager: Shutting down and abandoning module SlateReflector (192)
[2024.11.13-11.29.50:710][386]LogModuleManager: Shutting down and abandoning module Slate (190)
[2024.11.13-11.29.50:711][386]LogModuleManager: Shutting down and abandoning module EditorStyle (188)
[2024.11.13-11.29.50:714][386]LogModuleManager: Shutting down and abandoning module UnrealEd (186)
[2024.11.13-11.29.50:714][386]LogModuleManager: Shutting down and abandoning module MRMesh (184)
[2024.11.13-11.29.50:715][386]LogModuleManager: Shutting down and abandoning module SourceCodeAccess (182)
[2024.11.13-11.29.50:715][386]LogModuleManager: Shutting down and abandoning module HeadMountedDisplay (180)
[2024.11.13-11.29.50:715][386]LogModuleManager: Shutting down and abandoning module XAudio2 (178)
[2024.11.13-11.29.50:715][386]LogModuleManager: Shutting down and abandoning module Networking (176)
[2024.11.13-11.29.50:715][386]LogModuleManager: Shutting down and abandoning module Core (174)
[2024.11.13-11.29.50:715][386]LogModuleManager: Shutting down and abandoning module KismetCompiler (172)
[2024.11.13-11.29.50:715][386]LogModuleManager: Shutting down and abandoning module MeshUtilities (170)
[2024.11.13-11.29.50:715][386]LogModuleManager: Shutting down and abandoning module MeshMergeUtilities (169)
[2024.11.13-11.29.50:715][386]LogModuleManager: Shutting down and abandoning module MeshReductionInterface (168)
[2024.11.13-11.29.50:715][386]LogModuleManager: Shutting down and abandoning module SkeletalMeshReduction (167)
[2024.11.13-11.29.50:716][386]LogModuleManager: Shutting down and abandoning module ProxyLODMeshReduction (165)
[2024.11.13-11.29.50:717][386]LogModuleManager: Shutting down and abandoning module QuadricMeshReduction (163)
[2024.11.13-11.29.50:718][386]LogModuleManager: Shutting down and abandoning module MaterialBaking (159)
[2024.11.13-11.29.50:718][386]LogModuleManager: Shutting down and abandoning module DerivedDataCache (154)
[2024.11.13-11.29.50:794][386]LogDerivedDataCache: Shutdown
[2024.11.13-11.29.50:794][386]LogModuleManager: Shutting down and abandoning module XGEController (152)
[2024.11.13-11.29.50:794][386]LogXGEController: Cleaning working directory: C:/Users/pietd/AppData/Local/Temp/UnrealXGEWorkingDir/
[2024.11.13-11.29.50:795][386]LogModuleManager: Shutting down and abandoning module TargetPlatform (150)
[2024.11.13-11.29.50:795][386]LogModuleManager: Shutting down and abandoning module VulkanShaderFormat (149)
[2024.11.13-11.29.50:796][386]LogModuleManager: Shutting down and abandoning module ShaderFormatVectorVM (147)
[2024.11.13-11.29.50:796][386]LogModuleManager: Shutting down and abandoning module ShaderFormatOpenGL (145)
[2024.11.13-11.29.50:797][386]LogModuleManager: Shutting down and abandoning module ShaderFormatD3D (143)
[2024.11.13-11.29.50:797][386]LogModuleManager: Shutting down and abandoning module MetalShaderFormat (141)
[2024.11.13-11.29.50:798][386]LogModuleManager: Shutting down and abandoning module TextureFormatUncompressed (139)
[2024.11.13-11.29.50:798][386]LogModuleManager: Shutting down and abandoning module TextureFormatPVR (137)
[2024.11.13-11.29.50:798][386]LogModuleManager: Shutting down and abandoning module TextureFormatDXT (135)
[2024.11.13-11.29.50:799][386]LogModuleManager: Shutting down and abandoning module TextureFormatIntelISPCTexComp (133)
[2024.11.13-11.29.50:799][386]LogModuleManager: Shutting down and abandoning module TextureFormatASTC (131)
[2024.11.13-11.29.50:799][386]LogModuleManager: Shutting down and abandoning module ImageWrapper (130)
[2024.11.13-11.29.50:799][386]LogModuleManager: Shutting down and abandoning module TextureFormatAndroid (127)
[2024.11.13-11.29.50:799][386]LogModuleManager: Shutting down and abandoning module AudioFormatOpus (125)
[2024.11.13-11.29.50:800][386]LogModuleManager: Shutting down and abandoning module AudioFormatOgg (123)
[2024.11.13-11.29.50:800][386]LogModuleManager: Shutting down and abandoning module AudioFormatADPCM (121)
[2024.11.13-11.29.50:800][386]LogModuleManager: Shutting down and abandoning module LuminTargetPlatform (119)
[2024.11.13-11.29.50:809][386]LogModuleManager: Shutting down and abandoning module LinuxTargetPlatform (117)
[2024.11.13-11.29.50:810][386]LogModuleManager: Shutting down and abandoning module LinuxServerTargetPlatform (115)
[2024.11.13-11.29.50:811][386]LogModuleManager: Shutting down and abandoning module LinuxNoEditorTargetPlatform (113)
[2024.11.13-11.29.50:811][386]LogModuleManager: Shutting down and abandoning module LinuxClientTargetPlatform (111)
[2024.11.13-11.29.50:811][386]LogModuleManager: Shutting down and abandoning module TVOSTargetPlatform (109)
[2024.11.13-11.29.50:816][386]LogModuleManager: Shutting down and abandoning module Messaging (107)
[2024.11.13-11.29.50:816][386]LogModuleManager: Shutting down and abandoning module IOSTargetPlatform (105)
[2024.11.13-11.29.50:819][386]LogModuleManager: Shutting down and abandoning module HTML5TargetPlatform (103)
[2024.11.13-11.29.50:819][386]LogModuleManager: Shutting down and abandoning module AndroidTargetPlatform (101)
[2024.11.13-11.29.50:846][386]LogModuleManager: Shutting down and abandoning module WindowsTargetPlatform (99)
[2024.11.13-11.29.50:846][386]LogModuleManager: Shutting down and abandoning module WindowsServerTargetPlatform (97)
[2024.11.13-11.29.50:846][386]LogModuleManager: Shutting down and abandoning module WindowsNoEditorTargetPlatform (95)
[2024.11.13-11.29.50:846][386]LogModuleManager: Shutting down and abandoning module WindowsClientTargetPlatform (93)
[2024.11.13-11.29.50:846][386]LogModuleManager: Shutting down and abandoning module MacTargetPlatform (91)
[2024.11.13-11.29.50:846][386]LogModuleManager: Shutting down and abandoning module MacServerTargetPlatform (89)
[2024.11.13-11.29.50:846][386]LogModuleManager: Shutting down and abandoning module MacNoEditorTargetPlatform (87)
[2024.11.13-11.29.50:846][386]LogModuleManager: Shutting down and abandoning module MacClientTargetPlatform (85)
[2024.11.13-11.29.50:846][386]LogModuleManager: Shutting down and abandoning module AllDesktopTargetPlatform (83)
[2024.11.13-11.29.50:846][386]LogModuleManager: Shutting down and abandoning module InputCore (80)
[2024.11.13-11.29.50:846][386]LogModuleManager: Shutting down and abandoning module Settings (78)
[2024.11.13-11.29.50:846][386]LogModuleManager: Shutting down and abandoning module DirectoryWatcher (76)
[2024.11.13-11.29.50:847][386]LogModuleManager: Shutting down and abandoning module PhysXCooking (74)
[2024.11.13-11.29.50:847][386]LogModuleManager: Shutting down and abandoning module SteamVR (72)
[2024.11.13-11.29.50:847][386]LogHMD: Freeing OpenVRDLLHandle.
[2024.11.13-11.29.50:847][386]LogModuleManager: Shutting down and abandoning module OculusHMD (70)
[2024.11.13-11.29.50:848][386]LogModuleManager: Shutting down and abandoning module ExampleDeviceProfileSelector (68)
[2024.11.13-11.29.50:848][386]LogModuleManager: Shutting down and abandoning module LauncherChunkInstaller (66)
[2024.11.13-11.29.50:848][386]LogModuleManager: Shutting down and abandoning module OnlineBlueprintSupport (64)
[2024.11.13-11.29.50:848][386]LogModuleManager: Shutting down and abandoning module OnlineSubsystem (60)
[2024.11.13-11.29.50:850][386]LogModuleManager: Shutting down and abandoning module XMPP (55)
[2024.11.13-11.29.50:851][386]LogModuleManager: Shutting down and abandoning module WebSockets (54)
[2024.11.13-11.29.50:858][386]LogModuleManager: Shutting down and abandoning module HTTP (51)
[2024.11.13-11.29.50:858][386]LogHttp: Display: Http module shutting down, but needs to wait on 1 outstanding Http requests:
[2024.11.13-11.29.50:858][386]LogHttp: Display: 	verb=[POST] url=[https://datarouter.ol.epicgames.com/datarouter/api/v1/public/data?SessionID=%7B146A7E02-4C56-F732-9785-C5933A817745%7D&AppID=UEEditor.Rocket.Release&AppVersion=4.22.3-7053642%2B%2B%2BUE4%2BRelease-4.22&UserID=6f5b881f45331d87816daf924afe002e%7C5dec2224ee8245e38e0caff7c4780252%7Cd3e8f649-9722-4c6d-b0f1-6f0a0081c516&AppEnvironment=datacollector-binary&UploadType=eteventstream] status=Processing
[2024.11.13-11.29.50:865][386]LogModuleManager: Shutting down and abandoning module SSL (50)
[2024.11.13-11.29.50:866][386]LogModuleManager: Shutting down and abandoning module WmfMedia (46)
[2024.11.13-11.29.50:868][386]LogModuleManager: Shutting down and abandoning module Media (45)
[2024.11.13-11.29.50:874][386]LogModuleManager: Shutting down and abandoning module MagicLeap (42)
[2024.11.13-11.29.50:874][386]LogModuleManager: Shutting down and abandoning module DatasmithContent (40)
[2024.11.13-11.29.50:875][386]LogModuleManager: Shutting down and abandoning module AnimationModifiers (38)
[2024.11.13-11.29.50:876][386]LogModuleManager: Shutting down and abandoning module PropertyEditor (37)
[2024.11.13-11.29.50:877][386]LogModuleManager: Shutting down and abandoning module AudioEditor (34)
[2024.11.13-11.29.50:878][386]LogModuleManager: Shutting down and abandoning module TextureCompressor (32)
[2024.11.13-11.29.50:879][386]LogModuleManager: Shutting down and abandoning module RenderCore (30)
[2024.11.13-11.29.50:879][386]LogModuleManager: Shutting down and abandoning module Landscape (28)
[2024.11.13-11.29.50:879][386]LogModuleManager: Shutting down and abandoning module SlateRHIRenderer (26)
[2024.11.13-11.29.50:881][386]LogModuleManager: Shutting down and abandoning module OpenGLDrv (24)
[2024.11.13-11.29.50:882][386]LogModuleManager: Shutting down and abandoning module D3D11RHI (22)
[2024.11.13-11.29.50:882][386]LogModuleManager: Shutting down and abandoning module AnimGraphRuntime (20)
[2024.11.13-11.29.50:882][386]LogModuleManager: Shutting down and abandoning module Renderer (18)
[2024.11.13-11.29.50:882][386]LogModuleManager: Shutting down and abandoning module Engine (16)
[2024.11.13-11.29.50:882][386]LogModuleManager: Shutting down and abandoning module CoreUObject (14)
[2024.11.13-11.29.50:882][386]LogModuleManager: Shutting down and abandoning module NetworkFile (12)
[2024.11.13-11.29.50:883][386]LogModuleManager: Shutting down and abandoning module CookedIterativeFile (10)
[2024.11.13-11.29.50:883][386]LogModuleManager: Shutting down and abandoning module StreamingFile (8)
[2024.11.13-11.29.50:883][386]LogModuleManager: Shutting down and abandoning module SandboxFile (6)
[2024.11.13-11.29.50:883][386]LogModuleManager: Shutting down and abandoning module PakFile (4)
[2024.11.13-11.29.50:883][386]LogModuleManager: Shutting down and abandoning module RSA (3)
[2024.11.13-11.29.50:900][386]LogExit: Exiting.
[2024.11.13-11.29.50:909][386]Log file closed, 11/13/24 12:29:50
